{"name":"createNewProject()","status":"broken","statusDetails":{"known":false,"muted":false,"flaky":false,"message":"Expected condition failed: waiting for presence of element located by: By.xpath: //*[text()='Проект сохранен'] (tried for 5 second(s) with 500 milliseconds interval)","trace":"org.openqa.selenium.TimeoutException: Expected condition failed: waiting for presence of element located by: By.xpath: //*[text()='Проект сохранен'] (tried for 5 second(s) with 500 milliseconds interval)\r\n\tat org.openqa.selenium.support.ui.WebDriverWait.timeoutException(WebDriverWait.java:95)\r\n\tat org.openqa.selenium.support.ui.FluentWait.until(FluentWait.java:272)\r\n\tat com.geekbrains.lesson6.LoginWithPageObjectTests.createNewProject(LoginWithPageObjectTests.java:78)\r\n\tat sun.reflect.NativeMethodAccessorImpl.invoke0(Native Method)\r\n\tat sun.reflect.NativeMethodAccessorImpl.invoke(NativeMethodAccessorImpl.java:62)\r\n\tat sun.reflect.DelegatingMethodAccessorImpl.invoke(DelegatingMethodAccessorImpl.java:43)\r\n\tat java.lang.reflect.Method.invoke(Method.java:498)\r\n\tat org.junit.platform.commons.util.ReflectionUtils.invokeMethod(ReflectionUtils.java:688)\r\n\tat org.junit.jupiter.engine.execution.MethodInvocation.proceed(MethodInvocation.java:60)\r\n\tat org.junit.jupiter.engine.execution.InvocationInterceptorChain$ValidatingInvocation.proceed(InvocationInterceptorChain.java:131)\r\n\tat org.junit.jupiter.engine.extension.TimeoutExtension.intercept(TimeoutExtension.java:149)\r\n\tat org.junit.jupiter.engine.extension.TimeoutExtension.interceptTestableMethod(TimeoutExtension.java:140)\r\n\tat org.junit.jupiter.engine.extension.TimeoutExtension.interceptTestMethod(TimeoutExtension.java:84)\r\n\tat org.junit.jupiter.engine.execution.ExecutableInvoker$ReflectiveInterceptorCall.lambda$ofVoidMethod$0(ExecutableInvoker.java:115)\r\n\tat org.junit.jupiter.engine.execution.ExecutableInvoker.lambda$invoke$0(ExecutableInvoker.java:105)\r\n\tat org.junit.jupiter.engine.execution.InvocationInterceptorChain$InterceptedInvocation.proceed(InvocationInterceptorChain.java:106)\r\n\tat org.junit.jupiter.engine.execution.InvocationInterceptorChain.proceed(InvocationInterceptorChain.java:64)\r\n\tat org.junit.jupiter.engine.execution.InvocationInterceptorChain.chainAndInvoke(InvocationInterceptorChain.java:45)\r\n\tat org.junit.jupiter.engine.execution.InvocationInterceptorChain.invoke(InvocationInterceptorChain.java:37)\r\n\tat org.junit.jupiter.engine.execution.ExecutableInvoker.invoke(ExecutableInvoker.java:104)\r\n\tat org.junit.jupiter.engine.execution.ExecutableInvoker.invoke(ExecutableInvoker.java:98)\r\n\tat org.junit.jupiter.engine.descriptor.TestMethodTestDescriptor.lambda$invokeTestMethod$6(TestMethodTestDescriptor.java:212)\r\n\tat org.junit.platform.engine.support.hierarchical.ThrowableCollector.execute(ThrowableCollector.java:73)\r\n\tat org.junit.jupiter.engine.descriptor.TestMethodTestDescriptor.invokeTestMethod(TestMethodTestDescriptor.java:208)\r\n\tat org.junit.jupiter.engine.descriptor.TestMethodTestDescriptor.execute(TestMethodTestDescriptor.java:137)\r\n\tat org.junit.jupiter.engine.descriptor.TestMethodTestDescriptor.execute(TestMethodTestDescriptor.java:71)\r\n\tat org.junit.platform.engine.support.hierarchical.NodeTestTask.lambda$executeRecursively$5(NodeTestTask.java:139)\r\n\tat org.junit.platform.engine.support.hierarchical.ThrowableCollector.execute(ThrowableCollector.java:73)\r\n\tat org.junit.platform.engine.support.hierarchical.NodeTestTask.lambda$executeRecursively$7(NodeTestTask.java:129)\r\n\tat org.junit.platform.engine.support.hierarchical.Node.around(Node.java:137)\r\n\tat org.junit.platform.engine.support.hierarchical.NodeTestTask.lambda$executeRecursively$8(NodeTestTask.java:127)\r\n\tat org.junit.platform.engine.support.hierarchical.ThrowableCollector.execute(ThrowableCollector.java:73)\r\n\tat org.junit.platform.engine.support.hierarchical.NodeTestTask.executeRecursively(NodeTestTask.java:126)\r\n\tat org.junit.platform.engine.support.hierarchical.NodeTestTask.execute(NodeTestTask.java:84)\r\n\tat java.util.ArrayList.forEach(ArrayList.java:1257)\r\n\tat org.junit.platform.engine.support.hierarchical.SameThreadHierarchicalTestExecutorService.invokeAll(SameThreadHierarchicalTestExecutorService.java:38)\r\n\tat org.junit.platform.engine.support.hierarchical.NodeTestTask.lambda$executeRecursively$5(NodeTestTask.java:143)\r\n\tat org.junit.platform.engine.support.hierarchical.ThrowableCollector.execute(ThrowableCollector.java:73)\r\n\tat org.junit.platform.engine.support.hierarchical.NodeTestTask.lambda$executeRecursively$7(NodeTestTask.java:129)\r\n\tat org.junit.platform.engine.support.hierarchical.Node.around(Node.java:137)\r\n\tat org.junit.platform.engine.support.hierarchical.NodeTestTask.lambda$executeRecursively$8(NodeTestTask.java:127)\r\n\tat org.junit.platform.engine.support.hierarchical.ThrowableCollector.execute(ThrowableCollector.java:73)\r\n\tat org.junit.platform.engine.support.hierarchical.NodeTestTask.executeRecursively(NodeTestTask.java:126)\r\n\tat org.junit.platform.engine.support.hierarchical.NodeTestTask.execute(NodeTestTask.java:84)\r\n\tat java.util.ArrayList.forEach(ArrayList.java:1257)\r\n\tat org.junit.platform.engine.support.hierarchical.SameThreadHierarchicalTestExecutorService.invokeAll(SameThreadHierarchicalTestExecutorService.java:38)\r\n\tat org.junit.platform.engine.support.hierarchical.NodeTestTask.lambda$executeRecursively$5(NodeTestTask.java:143)\r\n\tat org.junit.platform.engine.support.hierarchical.ThrowableCollector.execute(ThrowableCollector.java:73)\r\n\tat org.junit.platform.engine.support.hierarchical.NodeTestTask.lambda$executeRecursively$7(NodeTestTask.java:129)\r\n\tat org.junit.platform.engine.support.hierarchical.Node.around(Node.java:137)\r\n\tat org.junit.platform.engine.support.hierarchical.NodeTestTask.lambda$executeRecursively$8(NodeTestTask.java:127)\r\n\tat org.junit.platform.engine.support.hierarchical.ThrowableCollector.execute(ThrowableCollector.java:73)\r\n\tat org.junit.platform.engine.support.hierarchical.NodeTestTask.executeRecursively(NodeTestTask.java:126)\r\n\tat org.junit.platform.engine.support.hierarchical.NodeTestTask.execute(NodeTestTask.java:84)\r\n\tat org.junit.platform.engine.support.hierarchical.SameThreadHierarchicalTestExecutorService.submit(SameThreadHierarchicalTestExecutorService.java:32)\r\n\tat org.junit.platform.engine.support.hierarchical.HierarchicalTestExecutor.execute(HierarchicalTestExecutor.java:57)\r\n\tat org.junit.platform.engine.support.hierarchical.HierarchicalTestEngine.execute(HierarchicalTestEngine.java:51)\r\n\tat org.junit.platform.launcher.core.EngineExecutionOrchestrator.execute(EngineExecutionOrchestrator.java:108)\r\n\tat org.junit.platform.launcher.core.EngineExecutionOrchestrator.execute(EngineExecutionOrchestrator.java:88)\r\n\tat org.junit.platform.launcher.core.EngineExecutionOrchestrator.lambda$execute$0(EngineExecutionOrchestrator.java:54)\r\n\tat org.junit.platform.launcher.core.EngineExecutionOrchestrator.withInterceptedStreams(EngineExecutionOrchestrator.java:67)\r\n\tat org.junit.platform.launcher.core.EngineExecutionOrchestrator.execute(EngineExecutionOrchestrator.java:52)\r\n\tat org.junit.platform.launcher.core.DefaultLauncher.execute(DefaultLauncher.java:96)\r\n\tat org.junit.platform.launcher.core.DefaultLauncher.execute(DefaultLauncher.java:75)\r\n\tat org.apache.maven.surefire.junitplatform.JUnitPlatformProvider.execute(JUnitPlatformProvider.java:188)\r\n\tat org.apache.maven.surefire.junitplatform.JUnitPlatformProvider.invokeAllTests(JUnitPlatformProvider.java:154)\r\n\tat org.apache.maven.surefire.junitplatform.JUnitPlatformProvider.invoke(JUnitPlatformProvider.java:128)\r\n\tat org.apache.maven.surefire.booter.ForkedBooter.runSuitesInProcess(ForkedBooter.java:428)\r\n\tat org.apache.maven.surefire.booter.ForkedBooter.execute(ForkedBooter.java:162)\r\n\tat org.apache.maven.surefire.booter.ForkedBooter.run(ForkedBooter.java:562)\r\n\tat org.apache.maven.surefire.booter.ForkedBooter.main(ForkedBooter.java:548)\r\nCaused by: org.openqa.selenium.NoSuchElementException: no such element: Unable to locate element: {\"method\":\"xpath\",\"selector\":\"//*[text()='Проект сохранен']\"}\n  (Session info: chrome=90.0.4430.212)\nFor documentation on this error, please visit: https://www.seleniumhq.org/exceptions/no_such_element.html\nBuild info: version: '3.141.59', revision: 'e82be7d358', time: '2018-11-14T08:17:03'\nSystem info: host: 'REZBAEVDV', ip: '192.168.165.1', os.name: 'Windows 10', os.arch: 'x86', os.version: '10.0', java.version: '1.8.0_181'\nDriver info: org.openqa.selenium.chrome.ChromeDriver\nCapabilities {acceptInsecureCerts: false, browserName: chrome, browserVersion: 90.0.4430.212, chrome: {chromedriverVersion: 90.0.4430.24 (4c6d850f087da..., userDataDir: C:\\Users\\rezba\\AppData\\Loca...}, goog:chromeOptions: {debuggerAddress: localhost:54348}, javascriptEnabled: true, networkConnectionEnabled: false, pageLoadStrategy: normal, platform: WINDOWS, platformName: WINDOWS, proxy: Proxy(), setWindowRect: true, strictFileInteractability: false, timeouts: {implicit: 0, pageLoad: 300000, script: 30000}, unhandledPromptBehavior: dismiss and notify, webauthn:extension:largeBlob: true, webauthn:virtualAuthenticators: true}\nSession ID: 12ba5eab0059e403687753cfbc6682d3\n*** Element info: {Using=xpath, value=//*[text()='Проект сохранен']}\r\n\tat sun.reflect.GeneratedConstructorAccessor23.newInstance(Unknown Source)\r\n\tat sun.reflect.DelegatingConstructorAccessorImpl.newInstance(DelegatingConstructorAccessorImpl.java:45)\r\n\tat java.lang.reflect.Constructor.newInstance(Constructor.java:423)\r\n\tat org.openqa.selenium.remote.http.W3CHttpResponseCodec.createException(W3CHttpResponseCodec.java:187)\r\n\tat org.openqa.selenium.remote.http.W3CHttpResponseCodec.decode(W3CHttpResponseCodec.java:122)\r\n\tat org.openqa.selenium.remote.http.W3CHttpResponseCodec.decode(W3CHttpResponseCodec.java:49)\r\n\tat org.openqa.selenium.remote.HttpCommandExecutor.execute(HttpCommandExecutor.java:158)\r\n\tat org.openqa.selenium.remote.service.DriverCommandExecutor.execute(DriverCommandExecutor.java:83)\r\n\tat org.openqa.selenium.remote.RemoteWebDriver.execute(RemoteWebDriver.java:552)\r\n\tat org.openqa.selenium.remote.RemoteWebDriver.findElement(RemoteWebDriver.java:323)\r\n\tat org.openqa.selenium.remote.RemoteWebDriver.findElementByXPath(RemoteWebDriver.java:428)\r\n\tat org.openqa.selenium.By$ByXPath.findElement(By.java:353)\r\n\tat org.openqa.selenium.remote.RemoteWebDriver.findElement(RemoteWebDriver.java:315)\r\n\tat sun.reflect.GeneratedMethodAccessor2.invoke(Unknown Source)\r\n\tat sun.reflect.DelegatingMethodAccessorImpl.invoke(DelegatingMethodAccessorImpl.java:43)\r\n\tat java.lang.reflect.Method.invoke(Method.java:498)\r\n\tat org.openqa.selenium.support.events.EventFiringWebDriver.lambda$new$1(EventFiringWebDriver.java:105)\r\n\tat com.sun.proxy.$Proxy14.findElement(Unknown Source)\r\n\tat org.openqa.selenium.support.events.EventFiringWebDriver.findElement(EventFiringWebDriver.java:194)\r\n\tat org.openqa.selenium.support.ui.ExpectedConditions$6.apply(ExpectedConditions.java:182)\r\n\tat org.openqa.selenium.support.ui.ExpectedConditions$6.apply(ExpectedConditions.java:179)\r\n\tat org.openqa.selenium.support.ui.FluentWait.until(FluentWait.java:249)\r\n\t... 69 more\r\n"},"stage":"finished","description":"","steps":[{"name":"Перед кликом на элеиент с текстом: Войти","status":"passed","stage":"finished","steps":[],"attachments":[],"parameters":[],"start":1621190008348,"stop":1621190008348},{"name":"Перед кликом на элеиент с текстом: Мои проекты","status":"passed","stage":"finished","steps":[],"attachments":[],"parameters":[],"start":1621190012268,"stop":1621190012268},{"name":"Клик по кнопке 'Создать проект","status":"passed","stage":"finished","steps":[{"name":"Перед кликом на элеиент с текстом: Создать проект","status":"passed","stage":"finished","steps":[],"attachments":[],"parameters":[],"start":1621190014320,"stop":1621190014320}],"attachments":[{"name":"Скриншот ошибки: ","source":"5579b903-b5b9-45dc-9e99-3fc6c26e020a-attachment"},{"name":"Скриншот ошибки: ","source":"3e582c39-a53c-4e31-b04a-cb48d3a6d279-attachment"},{"name":"Скриншот ошибки: ","source":"ec5cce0c-a812-4b57-bee9-2d9369c226fa-attachment"},{"name":"Скриншот ошибки: ","source":"67acd41e-a607-4a19-83c1-7592cb14c740-attachment"},{"name":"Скриншот ошибки: ","source":"1d833bdc-4d10-4e08-a937-43226bf4f414-attachment"}],"parameters":[],"start":1621190014290,"stop":1621190018187},{"name":"Ввод в поле 'Наименование:","status":"passed","stage":"finished","steps":[],"attachments":[],"parameters":[{"name":"DescriptionName","value":"проект15"}],"start":1621190018187,"stop":1621190018287},{"name":"Клик в поле 'Укажите организацию'","status":"passed","stage":"finished","steps":[{"name":"Перед кликом на элеиент с текстом: Укажите организацию","status":"passed","stage":"finished","steps":[],"attachments":[],"parameters":[],"start":1621190018333,"stop":1621190018333}],"attachments":[],"parameters":[],"start":1621190018287,"stop":1621190018415},{"name":"Ввод в поле 'Организация:","status":"passed","stage":"finished","steps":[],"attachments":[],"parameters":[{"name":"DescriptionCompany","value":"Континент"}],"start":1621190018415,"stop":1621190018522},{"name":"Перед кликом на элеиент с текстом: \"Континент+\"","status":"passed","stage":"finished","steps":[],"attachments":[],"parameters":[],"start":1621190020593,"stop":1621190020593},{"name":"Клик в поле 'Основное контактное лицо:","status":"passed","stage":"finished","steps":[{"name":"Перед кликом на элеиент с текстом: ","status":"passed","stage":"finished","steps":[],"attachments":[],"parameters":[],"start":1621190022031,"stop":1621190022031}],"attachments":[],"parameters":[],"start":1621190021992,"stop":1621190022139},{"name":"Ввод в поле 'Основное контактное лицо:","status":"passed","stage":"finished","steps":[],"attachments":[],"parameters":[{"name":"DescriptionPrimaryContact","value":"Frolov"}],"start":1621190022139,"stop":1621190022241},{"name":"Перед кликом на элеиент с текстом: Frolov Alex","status":"passed","stage":"finished","steps":[],"attachments":[],"parameters":[],"start":1621190022294,"stop":1621190022294},{"name":"Выбор Подразделения:","status":"passed","stage":"finished","steps":[],"attachments":[],"parameters":[{"name":"businessUnitText","value":"Research & Development"}],"start":1621190022359,"stop":1621190022488},{"name":"Выбор Куратор проекта:","status":"passed","stage":"finished","steps":[],"attachments":[],"parameters":[{"name":"curatorText","value":"Ким Юрий"}],"start":1621190022488,"stop":1621190022599},{"name":"Выбор Руководитель проекта:","status":"passed","stage":"finished","steps":[],"attachments":[],"parameters":[{"name":"projectManagerText","value":"Гатов Фёдор"}],"start":1621190022600,"stop":1621190022705},{"name":"Выбор Администратор проекта:","status":"passed","stage":"finished","steps":[],"attachments":[],"parameters":[{"name":"administratorText","value":"Ямутина Вера"}],"start":1621190022705,"stop":1621190022818},{"name":"Выбор Менеджера:","status":"passed","stage":"finished","steps":[],"attachments":[],"parameters":[{"name":"managerText","value":"Палкина Анна"}],"start":1621190022819,"stop":1621190022922},{"name":"Перед кликом на элеиент с текстом: Сохранить и закрыть","status":"passed","stage":"finished","steps":[],"attachments":[],"parameters":[],"start":1621190022966,"stop":1621190022966}],"attachments":[{"name":"Скриншот ошибки: ","source":"97a58d99-8082-4e0d-a6ca-f73dab9b9ba5-attachment"},{"name":"Скриншот ошибки: ","source":"a99a2490-1033-4333-acfe-5023a3c8b15a-attachment"},{"name":"Скриншот ошибки: ","source":"9e821155-17f4-4865-b5d7-41a50a82c281-attachment"},{"name":"Скриншот ошибки: ","source":"a50d9125-8753-4703-bdbe-adff0219a296-attachment"},{"name":"Скриншот ошибки: ","source":"533960f7-b4f7-4d94-9216-01dd90554106-attachment"},{"name":"Скриншот ошибки: ","source":"bf128e40-c9b1-4139-9c24-e757960c6971-attachment"},{"name":"Скриншот ошибки: ","source":"c0484970-95a2-46e4-a0d7-789570583b6e-attachment"},{"name":"Скриншот ошибки: ","source":"59b2fe8b-8ff9-4550-8480-d01ee114a5ef-attachment"},{"name":"Скриншот ошибки: ","source":"d7e60afb-9903-4c15-8718-ce11c4a6e7ff-attachment"},{"name":"Скриншот ошибки: ","source":"b0307db7-f5a0-4dfc-9b1c-7a833ff2144d-attachment"},{"name":"Скриншот ошибки: ","source":"130f4a95-86dd-4347-824f-c56afb64f5fc-attachment"},{"name":"Скриншот ошибки: ","source":"1816361c-6c29-4a1c-8c57-b54041d0f724-attachment"},{"name":"Скриншот ошибки: ","source":"eee981fb-5155-40d8-9285-e6f63123ddb9-attachment"},{"name":"Скриншот ошибки: ","source":"368343f7-0220-42a0-bb5d-8fd93537afad-attachment"},{"name":"Скриншот ошибки: ","source":"c251b0c6-5794-44ca-93c4-39bd09ef3791-attachment"},{"name":"Скриншот ошибки: ","source":"5d055a35-69e8-4482-a588-a92ded73d901-attachment"},{"name":"Скриншот ошибки: ","source":"ab327f21-1694-4eea-997f-a15c9ecaba0d-attachment"}],"parameters":[],"start":1621190000682,"stop":1621190029241,"uuid":"bf6f86e3-27dd-4f87-858a-2bf65db8e0b3","historyId":"796e2600068870fa405336082f23413","fullName":"com.geekbrains.lesson6.LoginWithPageObjectTests.createNewProject","labels":[{"name":"feature","value":"Тестирование создание нового проекта"},{"name":"host","value":"Rezbaevdv"},{"name":"thread","value":"6372@Rezbaevdv.main(1)"},{"name":"framework","value":"junit-platform"},{"name":"language","value":"java"},{"name":"package","value":"com.geekbrains.lesson6.LoginWithPageObjectTests"},{"name":"testClass","value":"com.geekbrains.lesson6.LoginWithPageObjectTests"},{"name":"testMethod","value":"createNewProject"},{"name":"suite","value":"com.geekbrains.lesson6.LoginWithPageObjectTests"}],"links":[]}