{"name":"createNewProject()","status":"broken","statusDetails":{"known":false,"muted":false,"flaky":false,"message":"Expected condition failed: waiting for presence of element located by: By.xpath: //*[text()='Проект сохранен'] (tried for 5 second(s) with 500 milliseconds interval)","trace":"org.openqa.selenium.TimeoutException: Expected condition failed: waiting for presence of element located by: By.xpath: //*[text()='Проект сохранен'] (tried for 5 second(s) with 500 milliseconds interval)\r\n\tat org.openqa.selenium.support.ui.WebDriverWait.timeoutException(WebDriverWait.java:95)\r\n\tat org.openqa.selenium.support.ui.FluentWait.until(FluentWait.java:272)\r\n\tat com.geekbrains.lesson6.LoginWithPageObjectTests.createNewProject(LoginWithPageObjectTests.java:78)\r\n\tat sun.reflect.NativeMethodAccessorImpl.invoke0(Native Method)\r\n\tat sun.reflect.NativeMethodAccessorImpl.invoke(NativeMethodAccessorImpl.java:62)\r\n\tat sun.reflect.DelegatingMethodAccessorImpl.invoke(DelegatingMethodAccessorImpl.java:43)\r\n\tat java.lang.reflect.Method.invoke(Method.java:498)\r\n\tat org.junit.platform.commons.util.ReflectionUtils.invokeMethod(ReflectionUtils.java:688)\r\n\tat org.junit.jupiter.engine.execution.MethodInvocation.proceed(MethodInvocation.java:60)\r\n\tat org.junit.jupiter.engine.execution.InvocationInterceptorChain$ValidatingInvocation.proceed(InvocationInterceptorChain.java:131)\r\n\tat org.junit.jupiter.engine.extension.TimeoutExtension.intercept(TimeoutExtension.java:149)\r\n\tat org.junit.jupiter.engine.extension.TimeoutExtension.interceptTestableMethod(TimeoutExtension.java:140)\r\n\tat org.junit.jupiter.engine.extension.TimeoutExtension.interceptTestMethod(TimeoutExtension.java:84)\r\n\tat org.junit.jupiter.engine.execution.ExecutableInvoker$ReflectiveInterceptorCall.lambda$ofVoidMethod$0(ExecutableInvoker.java:115)\r\n\tat org.junit.jupiter.engine.execution.ExecutableInvoker.lambda$invoke$0(ExecutableInvoker.java:105)\r\n\tat org.junit.jupiter.engine.execution.InvocationInterceptorChain$InterceptedInvocation.proceed(InvocationInterceptorChain.java:106)\r\n\tat org.junit.jupiter.engine.execution.InvocationInterceptorChain.proceed(InvocationInterceptorChain.java:64)\r\n\tat org.junit.jupiter.engine.execution.InvocationInterceptorChain.chainAndInvoke(InvocationInterceptorChain.java:45)\r\n\tat org.junit.jupiter.engine.execution.InvocationInterceptorChain.invoke(InvocationInterceptorChain.java:37)\r\n\tat org.junit.jupiter.engine.execution.ExecutableInvoker.invoke(ExecutableInvoker.java:104)\r\n\tat org.junit.jupiter.engine.execution.ExecutableInvoker.invoke(ExecutableInvoker.java:98)\r\n\tat org.junit.jupiter.engine.descriptor.TestMethodTestDescriptor.lambda$invokeTestMethod$6(TestMethodTestDescriptor.java:212)\r\n\tat org.junit.platform.engine.support.hierarchical.ThrowableCollector.execute(ThrowableCollector.java:73)\r\n\tat org.junit.jupiter.engine.descriptor.TestMethodTestDescriptor.invokeTestMethod(TestMethodTestDescriptor.java:208)\r\n\tat org.junit.jupiter.engine.descriptor.TestMethodTestDescriptor.execute(TestMethodTestDescriptor.java:137)\r\n\tat org.junit.jupiter.engine.descriptor.TestMethodTestDescriptor.execute(TestMethodTestDescriptor.java:71)\r\n\tat org.junit.platform.engine.support.hierarchical.NodeTestTask.lambda$executeRecursively$5(NodeTestTask.java:139)\r\n\tat org.junit.platform.engine.support.hierarchical.ThrowableCollector.execute(ThrowableCollector.java:73)\r\n\tat org.junit.platform.engine.support.hierarchical.NodeTestTask.lambda$executeRecursively$7(NodeTestTask.java:129)\r\n\tat org.junit.platform.engine.support.hierarchical.Node.around(Node.java:137)\r\n\tat org.junit.platform.engine.support.hierarchical.NodeTestTask.lambda$executeRecursively$8(NodeTestTask.java:127)\r\n\tat org.junit.platform.engine.support.hierarchical.ThrowableCollector.execute(ThrowableCollector.java:73)\r\n\tat org.junit.platform.engine.support.hierarchical.NodeTestTask.executeRecursively(NodeTestTask.java:126)\r\n\tat org.junit.platform.engine.support.hierarchical.NodeTestTask.execute(NodeTestTask.java:84)\r\n\tat java.util.ArrayList.forEach(ArrayList.java:1257)\r\n\tat org.junit.platform.engine.support.hierarchical.SameThreadHierarchicalTestExecutorService.invokeAll(SameThreadHierarchicalTestExecutorService.java:38)\r\n\tat org.junit.platform.engine.support.hierarchical.NodeTestTask.lambda$executeRecursively$5(NodeTestTask.java:143)\r\n\tat org.junit.platform.engine.support.hierarchical.ThrowableCollector.execute(ThrowableCollector.java:73)\r\n\tat org.junit.platform.engine.support.hierarchical.NodeTestTask.lambda$executeRecursively$7(NodeTestTask.java:129)\r\n\tat org.junit.platform.engine.support.hierarchical.Node.around(Node.java:137)\r\n\tat org.junit.platform.engine.support.hierarchical.NodeTestTask.lambda$executeRecursively$8(NodeTestTask.java:127)\r\n\tat org.junit.platform.engine.support.hierarchical.ThrowableCollector.execute(ThrowableCollector.java:73)\r\n\tat org.junit.platform.engine.support.hierarchical.NodeTestTask.executeRecursively(NodeTestTask.java:126)\r\n\tat org.junit.platform.engine.support.hierarchical.NodeTestTask.execute(NodeTestTask.java:84)\r\n\tat java.util.ArrayList.forEach(ArrayList.java:1257)\r\n\tat org.junit.platform.engine.support.hierarchical.SameThreadHierarchicalTestExecutorService.invokeAll(SameThreadHierarchicalTestExecutorService.java:38)\r\n\tat org.junit.platform.engine.support.hierarchical.NodeTestTask.lambda$executeRecursively$5(NodeTestTask.java:143)\r\n\tat org.junit.platform.engine.support.hierarchical.ThrowableCollector.execute(ThrowableCollector.java:73)\r\n\tat org.junit.platform.engine.support.hierarchical.NodeTestTask.lambda$executeRecursively$7(NodeTestTask.java:129)\r\n\tat org.junit.platform.engine.support.hierarchical.Node.around(Node.java:137)\r\n\tat org.junit.platform.engine.support.hierarchical.NodeTestTask.lambda$executeRecursively$8(NodeTestTask.java:127)\r\n\tat org.junit.platform.engine.support.hierarchical.ThrowableCollector.execute(ThrowableCollector.java:73)\r\n\tat org.junit.platform.engine.support.hierarchical.NodeTestTask.executeRecursively(NodeTestTask.java:126)\r\n\tat org.junit.platform.engine.support.hierarchical.NodeTestTask.execute(NodeTestTask.java:84)\r\n\tat org.junit.platform.engine.support.hierarchical.SameThreadHierarchicalTestExecutorService.submit(SameThreadHierarchicalTestExecutorService.java:32)\r\n\tat org.junit.platform.engine.support.hierarchical.HierarchicalTestExecutor.execute(HierarchicalTestExecutor.java:57)\r\n\tat org.junit.platform.engine.support.hierarchical.HierarchicalTestEngine.execute(HierarchicalTestEngine.java:51)\r\n\tat org.junit.platform.launcher.core.EngineExecutionOrchestrator.execute(EngineExecutionOrchestrator.java:108)\r\n\tat org.junit.platform.launcher.core.EngineExecutionOrchestrator.execute(EngineExecutionOrchestrator.java:88)\r\n\tat org.junit.platform.launcher.core.EngineExecutionOrchestrator.lambda$execute$0(EngineExecutionOrchestrator.java:54)\r\n\tat org.junit.platform.launcher.core.EngineExecutionOrchestrator.withInterceptedStreams(EngineExecutionOrchestrator.java:67)\r\n\tat org.junit.platform.launcher.core.EngineExecutionOrchestrator.execute(EngineExecutionOrchestrator.java:52)\r\n\tat org.junit.platform.launcher.core.DefaultLauncher.execute(DefaultLauncher.java:96)\r\n\tat org.junit.platform.launcher.core.DefaultLauncher.execute(DefaultLauncher.java:75)\r\n\tat org.apache.maven.surefire.junitplatform.JUnitPlatformProvider.execute(JUnitPlatformProvider.java:188)\r\n\tat org.apache.maven.surefire.junitplatform.JUnitPlatformProvider.invokeAllTests(JUnitPlatformProvider.java:154)\r\n\tat org.apache.maven.surefire.junitplatform.JUnitPlatformProvider.invoke(JUnitPlatformProvider.java:128)\r\n\tat org.apache.maven.surefire.booter.ForkedBooter.runSuitesInProcess(ForkedBooter.java:428)\r\n\tat org.apache.maven.surefire.booter.ForkedBooter.execute(ForkedBooter.java:162)\r\n\tat org.apache.maven.surefire.booter.ForkedBooter.run(ForkedBooter.java:562)\r\n\tat org.apache.maven.surefire.booter.ForkedBooter.main(ForkedBooter.java:548)\r\nCaused by: org.openqa.selenium.NoSuchElementException: no such element: Unable to locate element: {\"method\":\"xpath\",\"selector\":\"//*[text()='Проект сохранен']\"}\n  (Session info: chrome=90.0.4430.212)\nFor documentation on this error, please visit: https://www.seleniumhq.org/exceptions/no_such_element.html\nBuild info: version: '3.141.59', revision: 'e82be7d358', time: '2018-11-14T08:17:03'\nSystem info: host: 'REZBAEVDV', ip: '192.168.165.1', os.name: 'Windows 10', os.arch: 'x86', os.version: '10.0', java.version: '1.8.0_181'\nDriver info: org.openqa.selenium.chrome.ChromeDriver\nCapabilities {acceptInsecureCerts: false, browserName: chrome, browserVersion: 90.0.4430.212, chrome: {chromedriverVersion: 90.0.4430.24 (4c6d850f087da..., userDataDir: C:\\Users\\rezba\\AppData\\Loca...}, goog:chromeOptions: {debuggerAddress: localhost:54219}, javascriptEnabled: true, networkConnectionEnabled: false, pageLoadStrategy: normal, platform: WINDOWS, platformName: WINDOWS, proxy: Proxy(), setWindowRect: true, strictFileInteractability: false, timeouts: {implicit: 0, pageLoad: 300000, script: 30000}, unhandledPromptBehavior: dismiss and notify, webauthn:extension:largeBlob: true, webauthn:virtualAuthenticators: true}\nSession ID: dc773c826e9c5b685165be3d49054fd9\n*** Element info: {Using=xpath, value=//*[text()='Проект сохранен']}\r\n\tat sun.reflect.GeneratedConstructorAccessor25.newInstance(Unknown Source)\r\n\tat sun.reflect.DelegatingConstructorAccessorImpl.newInstance(DelegatingConstructorAccessorImpl.java:45)\r\n\tat java.lang.reflect.Constructor.newInstance(Constructor.java:423)\r\n\tat org.openqa.selenium.remote.http.W3CHttpResponseCodec.createException(W3CHttpResponseCodec.java:187)\r\n\tat org.openqa.selenium.remote.http.W3CHttpResponseCodec.decode(W3CHttpResponseCodec.java:122)\r\n\tat org.openqa.selenium.remote.http.W3CHttpResponseCodec.decode(W3CHttpResponseCodec.java:49)\r\n\tat org.openqa.selenium.remote.HttpCommandExecutor.execute(HttpCommandExecutor.java:158)\r\n\tat org.openqa.selenium.remote.service.DriverCommandExecutor.execute(DriverCommandExecutor.java:83)\r\n\tat org.openqa.selenium.remote.RemoteWebDriver.execute(RemoteWebDriver.java:552)\r\n\tat org.openqa.selenium.remote.RemoteWebDriver.findElement(RemoteWebDriver.java:323)\r\n\tat org.openqa.selenium.remote.RemoteWebDriver.findElementByXPath(RemoteWebDriver.java:428)\r\n\tat org.openqa.selenium.By$ByXPath.findElement(By.java:353)\r\n\tat org.openqa.selenium.remote.RemoteWebDriver.findElement(RemoteWebDriver.java:315)\r\n\tat sun.reflect.GeneratedMethodAccessor2.invoke(Unknown Source)\r\n\tat sun.reflect.DelegatingMethodAccessorImpl.invoke(DelegatingMethodAccessorImpl.java:43)\r\n\tat java.lang.reflect.Method.invoke(Method.java:498)\r\n\tat org.openqa.selenium.support.events.EventFiringWebDriver.lambda$new$1(EventFiringWebDriver.java:105)\r\n\tat com.sun.proxy.$Proxy14.findElement(Unknown Source)\r\n\tat org.openqa.selenium.support.events.EventFiringWebDriver.findElement(EventFiringWebDriver.java:194)\r\n\tat org.openqa.selenium.support.ui.ExpectedConditions$6.apply(ExpectedConditions.java:182)\r\n\tat org.openqa.selenium.support.ui.ExpectedConditions$6.apply(ExpectedConditions.java:179)\r\n\tat org.openqa.selenium.support.ui.FluentWait.until(FluentWait.java:249)\r\n\t... 69 more\r\n"},"stage":"finished","description":"","steps":[{"name":"Перед кликом на элеиент с текстом: Войти","status":"passed","stage":"finished","steps":[],"attachments":[],"parameters":[],"start":1621189583756,"stop":1621189583756},{"name":"Перед кликом на элеиент с текстом: Мои проекты","status":"passed","stage":"finished","steps":[],"attachments":[],"parameters":[],"start":1621189587652,"stop":1621189587652},{"name":"Клик по кнопке 'Создать проект","status":"passed","stage":"finished","steps":[{"name":"Перед кликом на элеиент с текстом: Создать проект","status":"passed","stage":"finished","steps":[],"attachments":[],"parameters":[],"start":1621189589795,"stop":1621189589795}],"attachments":[{"name":"Скриншот ошибки: ","source":"6d76e109-336c-4104-b567-4f1d75518f12-attachment"},{"name":"Скриншот ошибки: ","source":"f94e74a8-16b2-4da1-be24-f973ae707085-attachment"},{"name":"Скриншот ошибки: ","source":"8f18258a-75d4-4369-8929-44a2435034a9-attachment"},{"name":"Скриншот ошибки: ","source":"51527a3a-94ee-485b-9ea4-f3236e335590-attachment"},{"name":"Скриншот ошибки: ","source":"19b7fc72-5540-4207-b4a5-d362d3f656c9-attachment"}],"parameters":[],"start":1621189589754,"stop":1621189593667},{"name":"Ввод в поле 'Наименование:","status":"passed","stage":"finished","steps":[],"attachments":[],"parameters":[{"name":"DescriptionName","value":"проект15"}],"start":1621189593668,"stop":1621189593744},{"name":"Клик в поле 'Укажите организацию'","status":"passed","stage":"finished","steps":[{"name":"Перед кликом на элеиент с текстом: Укажите организацию","status":"passed","stage":"finished","steps":[],"attachments":[],"parameters":[],"start":1621189593786,"stop":1621189593786}],"attachments":[],"parameters":[],"start":1621189593744,"stop":1621189593866},{"name":"Ввод в поле 'Организация:","status":"passed","stage":"finished","steps":[],"attachments":[],"parameters":[{"name":"DescriptionCompany","value":"Континент"}],"start":1621189593866,"stop":1621189593963},{"name":"Перед кликом на элеиент с текстом: \"Континент+\"","status":"passed","stage":"finished","steps":[],"attachments":[],"parameters":[],"start":1621189596018,"stop":1621189596018},{"name":"Клик в поле 'Основное контактное лицо:","status":"passed","stage":"finished","steps":[{"name":"Перед кликом на элеиент с текстом: ","status":"passed","stage":"finished","steps":[],"attachments":[],"parameters":[],"start":1621189597555,"stop":1621189597555}],"attachments":[],"parameters":[],"start":1621189597510,"stop":1621189597657},{"name":"Ввод в поле 'Основное контактное лицо:","status":"passed","stage":"finished","steps":[],"attachments":[],"parameters":[{"name":"DescriptionPrimaryContact","value":"Frolov"}],"start":1621189597657,"stop":1621189597765},{"name":"Перед кликом на элеиент с текстом: Frolov Alex","status":"passed","stage":"finished","steps":[],"attachments":[],"parameters":[],"start":1621189597818,"stop":1621189597818},{"name":"Выбор Подразделения:","status":"passed","stage":"finished","steps":[],"attachments":[],"parameters":[{"name":"businessUnitText","value":"Research & Development"}],"start":1621189597884,"stop":1621189597999},{"name":"Выбор Куратор проекта:","status":"passed","stage":"finished","steps":[],"attachments":[],"parameters":[{"name":"curatorText","value":"Ким Юрий"}],"start":1621189597999,"stop":1621189598103},{"name":"Выбор Руководитель проекта:","status":"passed","stage":"finished","steps":[],"attachments":[],"parameters":[{"name":"projectManagerText","value":"Гатов Фёдор"}],"start":1621189598103,"stop":1621189598211},{"name":"Выбор Администратор проекта:","status":"passed","stage":"finished","steps":[],"attachments":[],"parameters":[{"name":"administratorText","value":"Ямутина Вера"}],"start":1621189598211,"stop":1621189598317},{"name":"Выбор Менеджера:","status":"passed","stage":"finished","steps":[],"attachments":[],"parameters":[{"name":"managerText","value":"Палкина Анна"}],"start":1621189598317,"stop":1621189598425},{"name":"Перед кликом на элеиент с текстом: Сохранить и закрыть","status":"passed","stage":"finished","steps":[],"attachments":[],"parameters":[],"start":1621189598469,"stop":1621189598469}],"attachments":[{"name":"Скриншот ошибки: ","source":"e3694f2f-d8a5-4086-a98f-47d5393115aa-attachment"},{"name":"Скриншот ошибки: ","source":"a30d62e5-2eeb-48cd-9e34-f8c1bb876435-attachment"},{"name":"Скриншот ошибки: ","source":"130ef451-bc12-4113-b066-1bf7f7b4f2fd-attachment"},{"name":"Скриншот ошибки: ","source":"c1d30365-8918-4fce-8f0b-1b310f128c84-attachment"},{"name":"Скриншот ошибки: ","source":"68baf310-c226-43fd-9d2c-a3f742eb1374-attachment"},{"name":"Скриншот ошибки: ","source":"725b905f-f2a2-4292-817a-dddb9b37f593-attachment"},{"name":"Скриншот ошибки: ","source":"dbceda53-3f73-41a6-82fc-0734faa51249-attachment"},{"name":"Скриншот ошибки: ","source":"a06293aa-0885-4e51-a432-87490d64e757-attachment"},{"name":"Скриншот ошибки: ","source":"43187df3-f9ee-4ec8-92b4-139e12595b6e-attachment"},{"name":"Скриншот ошибки: ","source":"69d90c68-2811-48c0-b467-d3eaf74d9a01-attachment"},{"name":"Скриншот ошибки: ","source":"297b3bf4-2f1d-4d13-9419-9751152e9609-attachment"},{"name":"Скриншот ошибки: ","source":"71dc95b8-5c64-4d01-b1d0-bc95f7f29387-attachment"},{"name":"Скриншот ошибки: ","source":"bac35735-0c10-4c55-8dec-e55304da61da-attachment"},{"name":"Скриншот ошибки: ","source":"3b114e19-aea6-4890-a0d4-de0048bcc5d9-attachment"},{"name":"Скриншот ошибки: ","source":"d3e7f4d5-f871-4f4f-91cb-f2410b825885-attachment"},{"name":"Скриншот ошибки: ","source":"7903c37c-e33d-4534-ac3e-5c75f4ec6f52-attachment"},{"name":"Скриншот ошибки: ","source":"93927949-4d34-4287-ad62-700df0a016e9-attachment"}],"parameters":[],"start":1621189577615,"stop":1621189604635,"uuid":"c770c24b-2640-4b8d-9bc0-9f1ddd3722f8","historyId":"796e2600068870fa405336082f23413","fullName":"com.geekbrains.lesson6.LoginWithPageObjectTests.createNewProject","labels":[{"name":"feature","value":"Тестирование создание нового проекта"},{"name":"host","value":"Rezbaevdv"},{"name":"thread","value":"1740@Rezbaevdv.main(1)"},{"name":"framework","value":"junit-platform"},{"name":"language","value":"java"},{"name":"package","value":"com.geekbrains.lesson6.LoginWithPageObjectTests"},{"name":"testClass","value":"com.geekbrains.lesson6.LoginWithPageObjectTests"},{"name":"testMethod","value":"createNewProject"},{"name":"suite","value":"com.geekbrains.lesson6.LoginWithPageObjectTests"}],"links":[]}