{"name":"createNewProject()","status":"broken","statusDetails":{"known":false,"muted":false,"flaky":false,"message":"Expected condition failed: waiting for presence of element located by: By.xpath: //*[text()='Проект сохранен'] (tried for 5 second(s) with 500 milliseconds interval)","trace":"org.openqa.selenium.TimeoutException: Expected condition failed: waiting for presence of element located by: By.xpath: //*[text()='Проект сохранен'] (tried for 5 second(s) with 500 milliseconds interval)\r\n\tat org.openqa.selenium.support.ui.WebDriverWait.timeoutException(WebDriverWait.java:95)\r\n\tat org.openqa.selenium.support.ui.FluentWait.until(FluentWait.java:272)\r\n\tat com.geekbrains.lesson6.LoginWithPageObjectTests.createNewProject(LoginWithPageObjectTests.java:78)\r\n\tat sun.reflect.NativeMethodAccessorImpl.invoke0(Native Method)\r\n\tat sun.reflect.NativeMethodAccessorImpl.invoke(NativeMethodAccessorImpl.java:62)\r\n\tat sun.reflect.DelegatingMethodAccessorImpl.invoke(DelegatingMethodAccessorImpl.java:43)\r\n\tat java.lang.reflect.Method.invoke(Method.java:498)\r\n\tat org.junit.platform.commons.util.ReflectionUtils.invokeMethod(ReflectionUtils.java:688)\r\n\tat org.junit.jupiter.engine.execution.MethodInvocation.proceed(MethodInvocation.java:60)\r\n\tat org.junit.jupiter.engine.execution.InvocationInterceptorChain$ValidatingInvocation.proceed(InvocationInterceptorChain.java:131)\r\n\tat org.junit.jupiter.engine.extension.TimeoutExtension.intercept(TimeoutExtension.java:149)\r\n\tat org.junit.jupiter.engine.extension.TimeoutExtension.interceptTestableMethod(TimeoutExtension.java:140)\r\n\tat org.junit.jupiter.engine.extension.TimeoutExtension.interceptTestMethod(TimeoutExtension.java:84)\r\n\tat org.junit.jupiter.engine.execution.ExecutableInvoker$ReflectiveInterceptorCall.lambda$ofVoidMethod$0(ExecutableInvoker.java:115)\r\n\tat org.junit.jupiter.engine.execution.ExecutableInvoker.lambda$invoke$0(ExecutableInvoker.java:105)\r\n\tat org.junit.jupiter.engine.execution.InvocationInterceptorChain$InterceptedInvocation.proceed(InvocationInterceptorChain.java:106)\r\n\tat org.junit.jupiter.engine.execution.InvocationInterceptorChain.proceed(InvocationInterceptorChain.java:64)\r\n\tat org.junit.jupiter.engine.execution.InvocationInterceptorChain.chainAndInvoke(InvocationInterceptorChain.java:45)\r\n\tat org.junit.jupiter.engine.execution.InvocationInterceptorChain.invoke(InvocationInterceptorChain.java:37)\r\n\tat org.junit.jupiter.engine.execution.ExecutableInvoker.invoke(ExecutableInvoker.java:104)\r\n\tat org.junit.jupiter.engine.execution.ExecutableInvoker.invoke(ExecutableInvoker.java:98)\r\n\tat org.junit.jupiter.engine.descriptor.TestMethodTestDescriptor.lambda$invokeTestMethod$6(TestMethodTestDescriptor.java:212)\r\n\tat org.junit.platform.engine.support.hierarchical.ThrowableCollector.execute(ThrowableCollector.java:73)\r\n\tat org.junit.jupiter.engine.descriptor.TestMethodTestDescriptor.invokeTestMethod(TestMethodTestDescriptor.java:208)\r\n\tat org.junit.jupiter.engine.descriptor.TestMethodTestDescriptor.execute(TestMethodTestDescriptor.java:137)\r\n\tat org.junit.jupiter.engine.descriptor.TestMethodTestDescriptor.execute(TestMethodTestDescriptor.java:71)\r\n\tat org.junit.platform.engine.support.hierarchical.NodeTestTask.lambda$executeRecursively$5(NodeTestTask.java:139)\r\n\tat org.junit.platform.engine.support.hierarchical.ThrowableCollector.execute(ThrowableCollector.java:73)\r\n\tat org.junit.platform.engine.support.hierarchical.NodeTestTask.lambda$executeRecursively$7(NodeTestTask.java:129)\r\n\tat org.junit.platform.engine.support.hierarchical.Node.around(Node.java:137)\r\n\tat org.junit.platform.engine.support.hierarchical.NodeTestTask.lambda$executeRecursively$8(NodeTestTask.java:127)\r\n\tat org.junit.platform.engine.support.hierarchical.ThrowableCollector.execute(ThrowableCollector.java:73)\r\n\tat org.junit.platform.engine.support.hierarchical.NodeTestTask.executeRecursively(NodeTestTask.java:126)\r\n\tat org.junit.platform.engine.support.hierarchical.NodeTestTask.execute(NodeTestTask.java:84)\r\n\tat java.util.ArrayList.forEach(ArrayList.java:1257)\r\n\tat org.junit.platform.engine.support.hierarchical.SameThreadHierarchicalTestExecutorService.invokeAll(SameThreadHierarchicalTestExecutorService.java:38)\r\n\tat org.junit.platform.engine.support.hierarchical.NodeTestTask.lambda$executeRecursively$5(NodeTestTask.java:143)\r\n\tat org.junit.platform.engine.support.hierarchical.ThrowableCollector.execute(ThrowableCollector.java:73)\r\n\tat org.junit.platform.engine.support.hierarchical.NodeTestTask.lambda$executeRecursively$7(NodeTestTask.java:129)\r\n\tat org.junit.platform.engine.support.hierarchical.Node.around(Node.java:137)\r\n\tat org.junit.platform.engine.support.hierarchical.NodeTestTask.lambda$executeRecursively$8(NodeTestTask.java:127)\r\n\tat org.junit.platform.engine.support.hierarchical.ThrowableCollector.execute(ThrowableCollector.java:73)\r\n\tat org.junit.platform.engine.support.hierarchical.NodeTestTask.executeRecursively(NodeTestTask.java:126)\r\n\tat org.junit.platform.engine.support.hierarchical.NodeTestTask.execute(NodeTestTask.java:84)\r\n\tat java.util.ArrayList.forEach(ArrayList.java:1257)\r\n\tat org.junit.platform.engine.support.hierarchical.SameThreadHierarchicalTestExecutorService.invokeAll(SameThreadHierarchicalTestExecutorService.java:38)\r\n\tat org.junit.platform.engine.support.hierarchical.NodeTestTask.lambda$executeRecursively$5(NodeTestTask.java:143)\r\n\tat org.junit.platform.engine.support.hierarchical.ThrowableCollector.execute(ThrowableCollector.java:73)\r\n\tat org.junit.platform.engine.support.hierarchical.NodeTestTask.lambda$executeRecursively$7(NodeTestTask.java:129)\r\n\tat org.junit.platform.engine.support.hierarchical.Node.around(Node.java:137)\r\n\tat org.junit.platform.engine.support.hierarchical.NodeTestTask.lambda$executeRecursively$8(NodeTestTask.java:127)\r\n\tat org.junit.platform.engine.support.hierarchical.ThrowableCollector.execute(ThrowableCollector.java:73)\r\n\tat org.junit.platform.engine.support.hierarchical.NodeTestTask.executeRecursively(NodeTestTask.java:126)\r\n\tat org.junit.platform.engine.support.hierarchical.NodeTestTask.execute(NodeTestTask.java:84)\r\n\tat org.junit.platform.engine.support.hierarchical.SameThreadHierarchicalTestExecutorService.submit(SameThreadHierarchicalTestExecutorService.java:32)\r\n\tat org.junit.platform.engine.support.hierarchical.HierarchicalTestExecutor.execute(HierarchicalTestExecutor.java:57)\r\n\tat org.junit.platform.engine.support.hierarchical.HierarchicalTestEngine.execute(HierarchicalTestEngine.java:51)\r\n\tat org.junit.platform.launcher.core.EngineExecutionOrchestrator.execute(EngineExecutionOrchestrator.java:108)\r\n\tat org.junit.platform.launcher.core.EngineExecutionOrchestrator.execute(EngineExecutionOrchestrator.java:88)\r\n\tat org.junit.platform.launcher.core.EngineExecutionOrchestrator.lambda$execute$0(EngineExecutionOrchestrator.java:54)\r\n\tat org.junit.platform.launcher.core.EngineExecutionOrchestrator.withInterceptedStreams(EngineExecutionOrchestrator.java:67)\r\n\tat org.junit.platform.launcher.core.EngineExecutionOrchestrator.execute(EngineExecutionOrchestrator.java:52)\r\n\tat org.junit.platform.launcher.core.DefaultLauncher.execute(DefaultLauncher.java:96)\r\n\tat org.junit.platform.launcher.core.DefaultLauncher.execute(DefaultLauncher.java:75)\r\n\tat org.apache.maven.surefire.junitplatform.JUnitPlatformProvider.execute(JUnitPlatformProvider.java:188)\r\n\tat org.apache.maven.surefire.junitplatform.JUnitPlatformProvider.invokeAllTests(JUnitPlatformProvider.java:154)\r\n\tat org.apache.maven.surefire.junitplatform.JUnitPlatformProvider.invoke(JUnitPlatformProvider.java:128)\r\n\tat org.apache.maven.surefire.booter.ForkedBooter.runSuitesInProcess(ForkedBooter.java:428)\r\n\tat org.apache.maven.surefire.booter.ForkedBooter.execute(ForkedBooter.java:162)\r\n\tat org.apache.maven.surefire.booter.ForkedBooter.run(ForkedBooter.java:562)\r\n\tat org.apache.maven.surefire.booter.ForkedBooter.main(ForkedBooter.java:548)\r\nCaused by: org.openqa.selenium.NoSuchElementException: no such element: Unable to locate element: {\"method\":\"xpath\",\"selector\":\"//*[text()='Проект сохранен']\"}\n  (Session info: chrome=90.0.4430.212)\nFor documentation on this error, please visit: https://www.seleniumhq.org/exceptions/no_such_element.html\nBuild info: version: '3.141.59', revision: 'e82be7d358', time: '2018-11-14T08:17:03'\nSystem info: host: 'REZBAEVDV', ip: '192.168.165.1', os.name: 'Windows 10', os.arch: 'x86', os.version: '10.0', java.version: '1.8.0_181'\nDriver info: org.openqa.selenium.chrome.ChromeDriver\nCapabilities {acceptInsecureCerts: false, browserName: chrome, browserVersion: 90.0.4430.212, chrome: {chromedriverVersion: 90.0.4430.24 (4c6d850f087da..., userDataDir: C:\\Users\\rezba\\AppData\\Loca...}, goog:chromeOptions: {debuggerAddress: localhost:53828}, javascriptEnabled: true, networkConnectionEnabled: false, pageLoadStrategy: normal, platform: WINDOWS, platformName: WINDOWS, proxy: Proxy(), setWindowRect: true, strictFileInteractability: false, timeouts: {implicit: 0, pageLoad: 300000, script: 30000}, unhandledPromptBehavior: dismiss and notify, webauthn:extension:largeBlob: true, webauthn:virtualAuthenticators: true}\nSession ID: a5fbedbc1727cc1904e2e31590e802de\n*** Element info: {Using=xpath, value=//*[text()='Проект сохранен']}\r\n\tat sun.reflect.GeneratedConstructorAccessor23.newInstance(Unknown Source)\r\n\tat sun.reflect.DelegatingConstructorAccessorImpl.newInstance(DelegatingConstructorAccessorImpl.java:45)\r\n\tat java.lang.reflect.Constructor.newInstance(Constructor.java:423)\r\n\tat org.openqa.selenium.remote.http.W3CHttpResponseCodec.createException(W3CHttpResponseCodec.java:187)\r\n\tat org.openqa.selenium.remote.http.W3CHttpResponseCodec.decode(W3CHttpResponseCodec.java:122)\r\n\tat org.openqa.selenium.remote.http.W3CHttpResponseCodec.decode(W3CHttpResponseCodec.java:49)\r\n\tat org.openqa.selenium.remote.HttpCommandExecutor.execute(HttpCommandExecutor.java:158)\r\n\tat org.openqa.selenium.remote.service.DriverCommandExecutor.execute(DriverCommandExecutor.java:83)\r\n\tat org.openqa.selenium.remote.RemoteWebDriver.execute(RemoteWebDriver.java:552)\r\n\tat org.openqa.selenium.remote.RemoteWebDriver.findElement(RemoteWebDriver.java:323)\r\n\tat org.openqa.selenium.remote.RemoteWebDriver.findElementByXPath(RemoteWebDriver.java:428)\r\n\tat org.openqa.selenium.By$ByXPath.findElement(By.java:353)\r\n\tat org.openqa.selenium.remote.RemoteWebDriver.findElement(RemoteWebDriver.java:315)\r\n\tat sun.reflect.GeneratedMethodAccessor2.invoke(Unknown Source)\r\n\tat sun.reflect.DelegatingMethodAccessorImpl.invoke(DelegatingMethodAccessorImpl.java:43)\r\n\tat java.lang.reflect.Method.invoke(Method.java:498)\r\n\tat org.openqa.selenium.support.events.EventFiringWebDriver.lambda$new$1(EventFiringWebDriver.java:105)\r\n\tat com.sun.proxy.$Proxy14.findElement(Unknown Source)\r\n\tat org.openqa.selenium.support.events.EventFiringWebDriver.findElement(EventFiringWebDriver.java:194)\r\n\tat org.openqa.selenium.support.ui.ExpectedConditions$6.apply(ExpectedConditions.java:182)\r\n\tat org.openqa.selenium.support.ui.ExpectedConditions$6.apply(ExpectedConditions.java:179)\r\n\tat org.openqa.selenium.support.ui.FluentWait.until(FluentWait.java:249)\r\n\t... 69 more\r\n"},"stage":"finished","description":"","steps":[{"name":"Перед кликом на элеиент с текстом: Войти","status":"passed","stage":"finished","steps":[],"attachments":[],"parameters":[],"start":1621188755875,"stop":1621188755875},{"name":"Перед кликом на элеиент с текстом: Мои проекты","status":"passed","stage":"finished","steps":[],"attachments":[],"parameters":[],"start":1621188759953,"stop":1621188759953},{"name":"Клик по кнопке 'Создать проект","status":"passed","stage":"finished","steps":[{"name":"Перед кликом на элеиент с текстом: Создать проект","status":"passed","stage":"finished","steps":[],"attachments":[],"parameters":[],"start":1621188762105,"stop":1621188762105}],"attachments":[{"name":"Скриншот ошибки: ","source":"15cfd429-a26b-4f8f-b318-0d09563baf6f-attachment"},{"name":"Скриншот ошибки: ","source":"dd14e61a-e3ff-48ba-8410-17d51f16bb88-attachment"},{"name":"Скриншот ошибки: ","source":"0e4d3cab-5b40-4b55-a5f4-00711f084e40-attachment"},{"name":"Скриншот ошибки: ","source":"1ff01130-31ab-45ea-a7c4-5b61892e7a86-attachment"},{"name":"Скриншот ошибки: ","source":"9be9314a-ecd9-4fb9-96ca-5cee6b8ac08b-attachment"}],"parameters":[],"start":1621188762049,"stop":1621188765893},{"name":"Ввод в поле 'Наименование:","status":"passed","stage":"finished","steps":[],"attachments":[],"parameters":[{"name":"DescriptionName","value":"проект15"}],"start":1621188765894,"stop":1621188766019},{"name":"Клик в поле 'Укажите организацию'","status":"passed","stage":"finished","steps":[{"name":"Перед кликом на элеиент с текстом: Укажите организацию","status":"passed","stage":"finished","steps":[],"attachments":[],"parameters":[],"start":1621188766083,"stop":1621188766083}],"attachments":[],"parameters":[],"start":1621188766019,"stop":1621188766335},{"name":"Ввод в поле 'Организация:","status":"passed","stage":"finished","steps":[],"attachments":[],"parameters":[{"name":"DescriptionCompany","value":"Континент"}],"start":1621188766335,"stop":1621188766448},{"name":"Перед кликом на элеиент с текстом: \"Континент+\"","status":"passed","stage":"finished","steps":[],"attachments":[],"parameters":[],"start":1621188767912,"stop":1621188767912},{"name":"Клик в поле 'Основное контактное лицо:","status":"passed","stage":"finished","steps":[{"name":"Перед кликом на элеиент с текстом: ","status":"passed","stage":"finished","steps":[],"attachments":[],"parameters":[],"start":1621188769378,"stop":1621188769378}],"attachments":[],"parameters":[],"start":1621188769339,"stop":1621188769482},{"name":"Ввод в поле 'Основное контактное лицо:","status":"passed","stage":"finished","steps":[],"attachments":[],"parameters":[{"name":"DescriptionPrimaryContact","value":"Frolov"}],"start":1621188769483,"stop":1621188769593},{"name":"Перед кликом на элеиент с текстом: Frolov Alex","status":"passed","stage":"finished","steps":[],"attachments":[],"parameters":[],"start":1621188769653,"stop":1621188769653},{"name":"Выбор Подразделения:","status":"passed","stage":"finished","steps":[],"attachments":[],"parameters":[{"name":"businessUnitText","value":"Research & Development"}],"start":1621188769721,"stop":1621188769867},{"name":"Выбор Куратор проекта:","status":"passed","stage":"finished","steps":[],"attachments":[],"parameters":[{"name":"curatorText","value":"Ким Юрий"}],"start":1621188769868,"stop":1621188769972},{"name":"Выбор Руководитель проекта:","status":"passed","stage":"finished","steps":[],"attachments":[],"parameters":[{"name":"projectManagerText","value":"Гатов Фёдор"}],"start":1621188769972,"stop":1621188770085},{"name":"Выбор Администратор проекта:","status":"passed","stage":"finished","steps":[],"attachments":[],"parameters":[{"name":"administratorText","value":"Ямутина Вера"}],"start":1621188770085,"stop":1621188770191},{"name":"Выбор Менеджера:","status":"passed","stage":"finished","steps":[],"attachments":[],"parameters":[{"name":"managerText","value":"Палкина Анна"}],"start":1621188770192,"stop":1621188770302},{"name":"Перед кликом на элеиент с текстом: Сохранить и закрыть","status":"passed","stage":"finished","steps":[],"attachments":[],"parameters":[],"start":1621188770343,"stop":1621188770343}],"attachments":[{"name":"Скриншот ошибки: ","source":"f42f7353-9505-4b30-a3b6-65ab35bc682e-attachment"},{"name":"Скриншот ошибки: ","source":"6631cee0-750f-4a50-b015-523c5c2c8137-attachment"},{"name":"Скриншот ошибки: ","source":"385785d0-b429-48d8-82dc-1030c4c5ab49-attachment"},{"name":"Скриншот ошибки: ","source":"bf226958-5094-4e75-be91-1d2c08a4231a-attachment"},{"name":"Скриншот ошибки: ","source":"64540974-4be7-4079-afb1-feb3eee97075-attachment"},{"name":"Скриншот ошибки: ","source":"48986020-740b-4805-93d8-21bd85bbe0eb-attachment"},{"name":"Скриншот ошибки: ","source":"dcc63ccf-b67e-43bf-9ce5-661c6eb747e4-attachment"},{"name":"Скриншот ошибки: ","source":"e823680a-e95d-47b4-a2cb-40d6121cfd6c-attachment"},{"name":"Скриншот ошибки: ","source":"d162d77c-1b9a-4a51-9e06-d4ed7b9f6749-attachment"},{"name":"Скриншот ошибки: ","source":"55b0b1f4-502e-419a-81f8-1f8f257d7d2f-attachment"},{"name":"Скриншот ошибки: ","source":"32057029-94a4-404e-a529-62eb4c09b90e-attachment"},{"name":"Скриншот ошибки: ","source":"56b63b81-41f2-4402-b561-88acfc90beb3-attachment"},{"name":"Скриншот ошибки: ","source":"c64e23bd-b30e-4599-8cdd-1efc3eb5f8af-attachment"},{"name":"Скриншот ошибки: ","source":"e9f27c8a-a0e7-4b5b-9b94-a8d18f1760d5-attachment"},{"name":"Скриншот ошибки: ","source":"aed31051-3672-4d30-a806-1bfd1d936361-attachment"}],"parameters":[],"start":1621188749756,"stop":1621188776058,"uuid":"e240b118-50a6-4722-9838-5abfaea1fc14","historyId":"796e2600068870fa405336082f23413","fullName":"com.geekbrains.lesson6.LoginWithPageObjectTests.createNewProject","labels":[{"name":"feature","value":"Тестирование создание нового проекта"},{"name":"host","value":"Rezbaevdv"},{"name":"thread","value":"9036@Rezbaevdv.main(1)"},{"name":"framework","value":"junit-platform"},{"name":"language","value":"java"},{"name":"package","value":"com.geekbrains.lesson6.LoginWithPageObjectTests"},{"name":"testClass","value":"com.geekbrains.lesson6.LoginWithPageObjectTests"},{"name":"testMethod","value":"createNewProject"},{"name":"suite","value":"com.geekbrains.lesson6.LoginWithPageObjectTests"}],"links":[]}