{
  "uid" : "904c1b133aa6a547",
  "name" : "createNewProject()",
  "fullName" : "com.geekbrains.lesson6.LoginWithPageObjectTests.createNewProject",
  "historyId" : "796e2600068870fa405336082f23413",
  "time" : {
    "start" : 1621190000682,
    "stop" : 1621190029241,
    "duration" : 28559
  },
  "description" : "",
  "status" : "broken",
  "statusMessage" : "Expected condition failed: waiting for presence of element located by: By.xpath: //*[text()='Проект сохранен'] (tried for 5 second(s) with 500 milliseconds interval)",
  "statusTrace" : "org.openqa.selenium.TimeoutException: Expected condition failed: waiting for presence of element located by: By.xpath: //*[text()='Проект сохранен'] (tried for 5 second(s) with 500 milliseconds interval)\r\n\tat org.openqa.selenium.support.ui.WebDriverWait.timeoutException(WebDriverWait.java:95)\r\n\tat org.openqa.selenium.support.ui.FluentWait.until(FluentWait.java:272)\r\n\tat com.geekbrains.lesson6.LoginWithPageObjectTests.createNewProject(LoginWithPageObjectTests.java:78)\r\n\tat sun.reflect.NativeMethodAccessorImpl.invoke0(Native Method)\r\n\tat sun.reflect.NativeMethodAccessorImpl.invoke(NativeMethodAccessorImpl.java:62)\r\n\tat sun.reflect.DelegatingMethodAccessorImpl.invoke(DelegatingMethodAccessorImpl.java:43)\r\n\tat java.lang.reflect.Method.invoke(Method.java:498)\r\n\tat org.junit.platform.commons.util.ReflectionUtils.invokeMethod(ReflectionUtils.java:688)\r\n\tat org.junit.jupiter.engine.execution.MethodInvocation.proceed(MethodInvocation.java:60)\r\n\tat org.junit.jupiter.engine.execution.InvocationInterceptorChain$ValidatingInvocation.proceed(InvocationInterceptorChain.java:131)\r\n\tat org.junit.jupiter.engine.extension.TimeoutExtension.intercept(TimeoutExtension.java:149)\r\n\tat org.junit.jupiter.engine.extension.TimeoutExtension.interceptTestableMethod(TimeoutExtension.java:140)\r\n\tat org.junit.jupiter.engine.extension.TimeoutExtension.interceptTestMethod(TimeoutExtension.java:84)\r\n\tat org.junit.jupiter.engine.execution.ExecutableInvoker$ReflectiveInterceptorCall.lambda$ofVoidMethod$0(ExecutableInvoker.java:115)\r\n\tat org.junit.jupiter.engine.execution.ExecutableInvoker.lambda$invoke$0(ExecutableInvoker.java:105)\r\n\tat org.junit.jupiter.engine.execution.InvocationInterceptorChain$InterceptedInvocation.proceed(InvocationInterceptorChain.java:106)\r\n\tat org.junit.jupiter.engine.execution.InvocationInterceptorChain.proceed(InvocationInterceptorChain.java:64)\r\n\tat org.junit.jupiter.engine.execution.InvocationInterceptorChain.chainAndInvoke(InvocationInterceptorChain.java:45)\r\n\tat org.junit.jupiter.engine.execution.InvocationInterceptorChain.invoke(InvocationInterceptorChain.java:37)\r\n\tat org.junit.jupiter.engine.execution.ExecutableInvoker.invoke(ExecutableInvoker.java:104)\r\n\tat org.junit.jupiter.engine.execution.ExecutableInvoker.invoke(ExecutableInvoker.java:98)\r\n\tat org.junit.jupiter.engine.descriptor.TestMethodTestDescriptor.lambda$invokeTestMethod$6(TestMethodTestDescriptor.java:212)\r\n\tat org.junit.platform.engine.support.hierarchical.ThrowableCollector.execute(ThrowableCollector.java:73)\r\n\tat org.junit.jupiter.engine.descriptor.TestMethodTestDescriptor.invokeTestMethod(TestMethodTestDescriptor.java:208)\r\n\tat org.junit.jupiter.engine.descriptor.TestMethodTestDescriptor.execute(TestMethodTestDescriptor.java:137)\r\n\tat org.junit.jupiter.engine.descriptor.TestMethodTestDescriptor.execute(TestMethodTestDescriptor.java:71)\r\n\tat org.junit.platform.engine.support.hierarchical.NodeTestTask.lambda$executeRecursively$5(NodeTestTask.java:139)\r\n\tat org.junit.platform.engine.support.hierarchical.ThrowableCollector.execute(ThrowableCollector.java:73)\r\n\tat org.junit.platform.engine.support.hierarchical.NodeTestTask.lambda$executeRecursively$7(NodeTestTask.java:129)\r\n\tat org.junit.platform.engine.support.hierarchical.Node.around(Node.java:137)\r\n\tat org.junit.platform.engine.support.hierarchical.NodeTestTask.lambda$executeRecursively$8(NodeTestTask.java:127)\r\n\tat org.junit.platform.engine.support.hierarchical.ThrowableCollector.execute(ThrowableCollector.java:73)\r\n\tat org.junit.platform.engine.support.hierarchical.NodeTestTask.executeRecursively(NodeTestTask.java:126)\r\n\tat org.junit.platform.engine.support.hierarchical.NodeTestTask.execute(NodeTestTask.java:84)\r\n\tat java.util.ArrayList.forEach(ArrayList.java:1257)\r\n\tat org.junit.platform.engine.support.hierarchical.SameThreadHierarchicalTestExecutorService.invokeAll(SameThreadHierarchicalTestExecutorService.java:38)\r\n\tat org.junit.platform.engine.support.hierarchical.NodeTestTask.lambda$executeRecursively$5(NodeTestTask.java:143)\r\n\tat org.junit.platform.engine.support.hierarchical.ThrowableCollector.execute(ThrowableCollector.java:73)\r\n\tat org.junit.platform.engine.support.hierarchical.NodeTestTask.lambda$executeRecursively$7(NodeTestTask.java:129)\r\n\tat org.junit.platform.engine.support.hierarchical.Node.around(Node.java:137)\r\n\tat org.junit.platform.engine.support.hierarchical.NodeTestTask.lambda$executeRecursively$8(NodeTestTask.java:127)\r\n\tat org.junit.platform.engine.support.hierarchical.ThrowableCollector.execute(ThrowableCollector.java:73)\r\n\tat org.junit.platform.engine.support.hierarchical.NodeTestTask.executeRecursively(NodeTestTask.java:126)\r\n\tat org.junit.platform.engine.support.hierarchical.NodeTestTask.execute(NodeTestTask.java:84)\r\n\tat java.util.ArrayList.forEach(ArrayList.java:1257)\r\n\tat org.junit.platform.engine.support.hierarchical.SameThreadHierarchicalTestExecutorService.invokeAll(SameThreadHierarchicalTestExecutorService.java:38)\r\n\tat org.junit.platform.engine.support.hierarchical.NodeTestTask.lambda$executeRecursively$5(NodeTestTask.java:143)\r\n\tat org.junit.platform.engine.support.hierarchical.ThrowableCollector.execute(ThrowableCollector.java:73)\r\n\tat org.junit.platform.engine.support.hierarchical.NodeTestTask.lambda$executeRecursively$7(NodeTestTask.java:129)\r\n\tat org.junit.platform.engine.support.hierarchical.Node.around(Node.java:137)\r\n\tat org.junit.platform.engine.support.hierarchical.NodeTestTask.lambda$executeRecursively$8(NodeTestTask.java:127)\r\n\tat org.junit.platform.engine.support.hierarchical.ThrowableCollector.execute(ThrowableCollector.java:73)\r\n\tat org.junit.platform.engine.support.hierarchical.NodeTestTask.executeRecursively(NodeTestTask.java:126)\r\n\tat org.junit.platform.engine.support.hierarchical.NodeTestTask.execute(NodeTestTask.java:84)\r\n\tat org.junit.platform.engine.support.hierarchical.SameThreadHierarchicalTestExecutorService.submit(SameThreadHierarchicalTestExecutorService.java:32)\r\n\tat org.junit.platform.engine.support.hierarchical.HierarchicalTestExecutor.execute(HierarchicalTestExecutor.java:57)\r\n\tat org.junit.platform.engine.support.hierarchical.HierarchicalTestEngine.execute(HierarchicalTestEngine.java:51)\r\n\tat org.junit.platform.launcher.core.EngineExecutionOrchestrator.execute(EngineExecutionOrchestrator.java:108)\r\n\tat org.junit.platform.launcher.core.EngineExecutionOrchestrator.execute(EngineExecutionOrchestrator.java:88)\r\n\tat org.junit.platform.launcher.core.EngineExecutionOrchestrator.lambda$execute$0(EngineExecutionOrchestrator.java:54)\r\n\tat org.junit.platform.launcher.core.EngineExecutionOrchestrator.withInterceptedStreams(EngineExecutionOrchestrator.java:67)\r\n\tat org.junit.platform.launcher.core.EngineExecutionOrchestrator.execute(EngineExecutionOrchestrator.java:52)\r\n\tat org.junit.platform.launcher.core.DefaultLauncher.execute(DefaultLauncher.java:96)\r\n\tat org.junit.platform.launcher.core.DefaultLauncher.execute(DefaultLauncher.java:75)\r\n\tat org.apache.maven.surefire.junitplatform.JUnitPlatformProvider.execute(JUnitPlatformProvider.java:188)\r\n\tat org.apache.maven.surefire.junitplatform.JUnitPlatformProvider.invokeAllTests(JUnitPlatformProvider.java:154)\r\n\tat org.apache.maven.surefire.junitplatform.JUnitPlatformProvider.invoke(JUnitPlatformProvider.java:128)\r\n\tat org.apache.maven.surefire.booter.ForkedBooter.runSuitesInProcess(ForkedBooter.java:428)\r\n\tat org.apache.maven.surefire.booter.ForkedBooter.execute(ForkedBooter.java:162)\r\n\tat org.apache.maven.surefire.booter.ForkedBooter.run(ForkedBooter.java:562)\r\n\tat org.apache.maven.surefire.booter.ForkedBooter.main(ForkedBooter.java:548)\r\nCaused by: org.openqa.selenium.NoSuchElementException: no such element: Unable to locate element: {\"method\":\"xpath\",\"selector\":\"//*[text()='Проект сохранен']\"}\n  (Session info: chrome=90.0.4430.212)\nFor documentation on this error, please visit: https://www.seleniumhq.org/exceptions/no_such_element.html\nBuild info: version: '3.141.59', revision: 'e82be7d358', time: '2018-11-14T08:17:03'\nSystem info: host: 'REZBAEVDV', ip: '192.168.165.1', os.name: 'Windows 10', os.arch: 'x86', os.version: '10.0', java.version: '1.8.0_181'\nDriver info: org.openqa.selenium.chrome.ChromeDriver\nCapabilities {acceptInsecureCerts: false, browserName: chrome, browserVersion: 90.0.4430.212, chrome: {chromedriverVersion: 90.0.4430.24 (4c6d850f087da..., userDataDir: C:\\Users\\rezba\\AppData\\Loca...}, goog:chromeOptions: {debuggerAddress: localhost:54348}, javascriptEnabled: true, networkConnectionEnabled: false, pageLoadStrategy: normal, platform: WINDOWS, platformName: WINDOWS, proxy: Proxy(), setWindowRect: true, strictFileInteractability: false, timeouts: {implicit: 0, pageLoad: 300000, script: 30000}, unhandledPromptBehavior: dismiss and notify, webauthn:extension:largeBlob: true, webauthn:virtualAuthenticators: true}\nSession ID: 12ba5eab0059e403687753cfbc6682d3\n*** Element info: {Using=xpath, value=//*[text()='Проект сохранен']}\r\n\tat sun.reflect.GeneratedConstructorAccessor23.newInstance(Unknown Source)\r\n\tat sun.reflect.DelegatingConstructorAccessorImpl.newInstance(DelegatingConstructorAccessorImpl.java:45)\r\n\tat java.lang.reflect.Constructor.newInstance(Constructor.java:423)\r\n\tat org.openqa.selenium.remote.http.W3CHttpResponseCodec.createException(W3CHttpResponseCodec.java:187)\r\n\tat org.openqa.selenium.remote.http.W3CHttpResponseCodec.decode(W3CHttpResponseCodec.java:122)\r\n\tat org.openqa.selenium.remote.http.W3CHttpResponseCodec.decode(W3CHttpResponseCodec.java:49)\r\n\tat org.openqa.selenium.remote.HttpCommandExecutor.execute(HttpCommandExecutor.java:158)\r\n\tat org.openqa.selenium.remote.service.DriverCommandExecutor.execute(DriverCommandExecutor.java:83)\r\n\tat org.openqa.selenium.remote.RemoteWebDriver.execute(RemoteWebDriver.java:552)\r\n\tat org.openqa.selenium.remote.RemoteWebDriver.findElement(RemoteWebDriver.java:323)\r\n\tat org.openqa.selenium.remote.RemoteWebDriver.findElementByXPath(RemoteWebDriver.java:428)\r\n\tat org.openqa.selenium.By$ByXPath.findElement(By.java:353)\r\n\tat org.openqa.selenium.remote.RemoteWebDriver.findElement(RemoteWebDriver.java:315)\r\n\tat sun.reflect.GeneratedMethodAccessor2.invoke(Unknown Source)\r\n\tat sun.reflect.DelegatingMethodAccessorImpl.invoke(DelegatingMethodAccessorImpl.java:43)\r\n\tat java.lang.reflect.Method.invoke(Method.java:498)\r\n\tat org.openqa.selenium.support.events.EventFiringWebDriver.lambda$new$1(EventFiringWebDriver.java:105)\r\n\tat com.sun.proxy.$Proxy14.findElement(Unknown Source)\r\n\tat org.openqa.selenium.support.events.EventFiringWebDriver.findElement(EventFiringWebDriver.java:194)\r\n\tat org.openqa.selenium.support.ui.ExpectedConditions$6.apply(ExpectedConditions.java:182)\r\n\tat org.openqa.selenium.support.ui.ExpectedConditions$6.apply(ExpectedConditions.java:179)\r\n\tat org.openqa.selenium.support.ui.FluentWait.until(FluentWait.java:249)\r\n\t... 69 more\r\n",
  "flaky" : false,
  "newFailed" : false,
  "beforeStages" : [ ],
  "testStage" : {
    "description" : "",
    "status" : "broken",
    "statusMessage" : "Expected condition failed: waiting for presence of element located by: By.xpath: //*[text()='Проект сохранен'] (tried for 5 second(s) with 500 milliseconds interval)",
    "statusTrace" : "org.openqa.selenium.TimeoutException: Expected condition failed: waiting for presence of element located by: By.xpath: //*[text()='Проект сохранен'] (tried for 5 second(s) with 500 milliseconds interval)\r\n\tat org.openqa.selenium.support.ui.WebDriverWait.timeoutException(WebDriverWait.java:95)\r\n\tat org.openqa.selenium.support.ui.FluentWait.until(FluentWait.java:272)\r\n\tat com.geekbrains.lesson6.LoginWithPageObjectTests.createNewProject(LoginWithPageObjectTests.java:78)\r\n\tat sun.reflect.NativeMethodAccessorImpl.invoke0(Native Method)\r\n\tat sun.reflect.NativeMethodAccessorImpl.invoke(NativeMethodAccessorImpl.java:62)\r\n\tat sun.reflect.DelegatingMethodAccessorImpl.invoke(DelegatingMethodAccessorImpl.java:43)\r\n\tat java.lang.reflect.Method.invoke(Method.java:498)\r\n\tat org.junit.platform.commons.util.ReflectionUtils.invokeMethod(ReflectionUtils.java:688)\r\n\tat org.junit.jupiter.engine.execution.MethodInvocation.proceed(MethodInvocation.java:60)\r\n\tat org.junit.jupiter.engine.execution.InvocationInterceptorChain$ValidatingInvocation.proceed(InvocationInterceptorChain.java:131)\r\n\tat org.junit.jupiter.engine.extension.TimeoutExtension.intercept(TimeoutExtension.java:149)\r\n\tat org.junit.jupiter.engine.extension.TimeoutExtension.interceptTestableMethod(TimeoutExtension.java:140)\r\n\tat org.junit.jupiter.engine.extension.TimeoutExtension.interceptTestMethod(TimeoutExtension.java:84)\r\n\tat org.junit.jupiter.engine.execution.ExecutableInvoker$ReflectiveInterceptorCall.lambda$ofVoidMethod$0(ExecutableInvoker.java:115)\r\n\tat org.junit.jupiter.engine.execution.ExecutableInvoker.lambda$invoke$0(ExecutableInvoker.java:105)\r\n\tat org.junit.jupiter.engine.execution.InvocationInterceptorChain$InterceptedInvocation.proceed(InvocationInterceptorChain.java:106)\r\n\tat org.junit.jupiter.engine.execution.InvocationInterceptorChain.proceed(InvocationInterceptorChain.java:64)\r\n\tat org.junit.jupiter.engine.execution.InvocationInterceptorChain.chainAndInvoke(InvocationInterceptorChain.java:45)\r\n\tat org.junit.jupiter.engine.execution.InvocationInterceptorChain.invoke(InvocationInterceptorChain.java:37)\r\n\tat org.junit.jupiter.engine.execution.ExecutableInvoker.invoke(ExecutableInvoker.java:104)\r\n\tat org.junit.jupiter.engine.execution.ExecutableInvoker.invoke(ExecutableInvoker.java:98)\r\n\tat org.junit.jupiter.engine.descriptor.TestMethodTestDescriptor.lambda$invokeTestMethod$6(TestMethodTestDescriptor.java:212)\r\n\tat org.junit.platform.engine.support.hierarchical.ThrowableCollector.execute(ThrowableCollector.java:73)\r\n\tat org.junit.jupiter.engine.descriptor.TestMethodTestDescriptor.invokeTestMethod(TestMethodTestDescriptor.java:208)\r\n\tat org.junit.jupiter.engine.descriptor.TestMethodTestDescriptor.execute(TestMethodTestDescriptor.java:137)\r\n\tat org.junit.jupiter.engine.descriptor.TestMethodTestDescriptor.execute(TestMethodTestDescriptor.java:71)\r\n\tat org.junit.platform.engine.support.hierarchical.NodeTestTask.lambda$executeRecursively$5(NodeTestTask.java:139)\r\n\tat org.junit.platform.engine.support.hierarchical.ThrowableCollector.execute(ThrowableCollector.java:73)\r\n\tat org.junit.platform.engine.support.hierarchical.NodeTestTask.lambda$executeRecursively$7(NodeTestTask.java:129)\r\n\tat org.junit.platform.engine.support.hierarchical.Node.around(Node.java:137)\r\n\tat org.junit.platform.engine.support.hierarchical.NodeTestTask.lambda$executeRecursively$8(NodeTestTask.java:127)\r\n\tat org.junit.platform.engine.support.hierarchical.ThrowableCollector.execute(ThrowableCollector.java:73)\r\n\tat org.junit.platform.engine.support.hierarchical.NodeTestTask.executeRecursively(NodeTestTask.java:126)\r\n\tat org.junit.platform.engine.support.hierarchical.NodeTestTask.execute(NodeTestTask.java:84)\r\n\tat java.util.ArrayList.forEach(ArrayList.java:1257)\r\n\tat org.junit.platform.engine.support.hierarchical.SameThreadHierarchicalTestExecutorService.invokeAll(SameThreadHierarchicalTestExecutorService.java:38)\r\n\tat org.junit.platform.engine.support.hierarchical.NodeTestTask.lambda$executeRecursively$5(NodeTestTask.java:143)\r\n\tat org.junit.platform.engine.support.hierarchical.ThrowableCollector.execute(ThrowableCollector.java:73)\r\n\tat org.junit.platform.engine.support.hierarchical.NodeTestTask.lambda$executeRecursively$7(NodeTestTask.java:129)\r\n\tat org.junit.platform.engine.support.hierarchical.Node.around(Node.java:137)\r\n\tat org.junit.platform.engine.support.hierarchical.NodeTestTask.lambda$executeRecursively$8(NodeTestTask.java:127)\r\n\tat org.junit.platform.engine.support.hierarchical.ThrowableCollector.execute(ThrowableCollector.java:73)\r\n\tat org.junit.platform.engine.support.hierarchical.NodeTestTask.executeRecursively(NodeTestTask.java:126)\r\n\tat org.junit.platform.engine.support.hierarchical.NodeTestTask.execute(NodeTestTask.java:84)\r\n\tat java.util.ArrayList.forEach(ArrayList.java:1257)\r\n\tat org.junit.platform.engine.support.hierarchical.SameThreadHierarchicalTestExecutorService.invokeAll(SameThreadHierarchicalTestExecutorService.java:38)\r\n\tat org.junit.platform.engine.support.hierarchical.NodeTestTask.lambda$executeRecursively$5(NodeTestTask.java:143)\r\n\tat org.junit.platform.engine.support.hierarchical.ThrowableCollector.execute(ThrowableCollector.java:73)\r\n\tat org.junit.platform.engine.support.hierarchical.NodeTestTask.lambda$executeRecursively$7(NodeTestTask.java:129)\r\n\tat org.junit.platform.engine.support.hierarchical.Node.around(Node.java:137)\r\n\tat org.junit.platform.engine.support.hierarchical.NodeTestTask.lambda$executeRecursively$8(NodeTestTask.java:127)\r\n\tat org.junit.platform.engine.support.hierarchical.ThrowableCollector.execute(ThrowableCollector.java:73)\r\n\tat org.junit.platform.engine.support.hierarchical.NodeTestTask.executeRecursively(NodeTestTask.java:126)\r\n\tat org.junit.platform.engine.support.hierarchical.NodeTestTask.execute(NodeTestTask.java:84)\r\n\tat org.junit.platform.engine.support.hierarchical.SameThreadHierarchicalTestExecutorService.submit(SameThreadHierarchicalTestExecutorService.java:32)\r\n\tat org.junit.platform.engine.support.hierarchical.HierarchicalTestExecutor.execute(HierarchicalTestExecutor.java:57)\r\n\tat org.junit.platform.engine.support.hierarchical.HierarchicalTestEngine.execute(HierarchicalTestEngine.java:51)\r\n\tat org.junit.platform.launcher.core.EngineExecutionOrchestrator.execute(EngineExecutionOrchestrator.java:108)\r\n\tat org.junit.platform.launcher.core.EngineExecutionOrchestrator.execute(EngineExecutionOrchestrator.java:88)\r\n\tat org.junit.platform.launcher.core.EngineExecutionOrchestrator.lambda$execute$0(EngineExecutionOrchestrator.java:54)\r\n\tat org.junit.platform.launcher.core.EngineExecutionOrchestrator.withInterceptedStreams(EngineExecutionOrchestrator.java:67)\r\n\tat org.junit.platform.launcher.core.EngineExecutionOrchestrator.execute(EngineExecutionOrchestrator.java:52)\r\n\tat org.junit.platform.launcher.core.DefaultLauncher.execute(DefaultLauncher.java:96)\r\n\tat org.junit.platform.launcher.core.DefaultLauncher.execute(DefaultLauncher.java:75)\r\n\tat org.apache.maven.surefire.junitplatform.JUnitPlatformProvider.execute(JUnitPlatformProvider.java:188)\r\n\tat org.apache.maven.surefire.junitplatform.JUnitPlatformProvider.invokeAllTests(JUnitPlatformProvider.java:154)\r\n\tat org.apache.maven.surefire.junitplatform.JUnitPlatformProvider.invoke(JUnitPlatformProvider.java:128)\r\n\tat org.apache.maven.surefire.booter.ForkedBooter.runSuitesInProcess(ForkedBooter.java:428)\r\n\tat org.apache.maven.surefire.booter.ForkedBooter.execute(ForkedBooter.java:162)\r\n\tat org.apache.maven.surefire.booter.ForkedBooter.run(ForkedBooter.java:562)\r\n\tat org.apache.maven.surefire.booter.ForkedBooter.main(ForkedBooter.java:548)\r\nCaused by: org.openqa.selenium.NoSuchElementException: no such element: Unable to locate element: {\"method\":\"xpath\",\"selector\":\"//*[text()='Проект сохранен']\"}\n  (Session info: chrome=90.0.4430.212)\nFor documentation on this error, please visit: https://www.seleniumhq.org/exceptions/no_such_element.html\nBuild info: version: '3.141.59', revision: 'e82be7d358', time: '2018-11-14T08:17:03'\nSystem info: host: 'REZBAEVDV', ip: '192.168.165.1', os.name: 'Windows 10', os.arch: 'x86', os.version: '10.0', java.version: '1.8.0_181'\nDriver info: org.openqa.selenium.chrome.ChromeDriver\nCapabilities {acceptInsecureCerts: false, browserName: chrome, browserVersion: 90.0.4430.212, chrome: {chromedriverVersion: 90.0.4430.24 (4c6d850f087da..., userDataDir: C:\\Users\\rezba\\AppData\\Loca...}, goog:chromeOptions: {debuggerAddress: localhost:54348}, javascriptEnabled: true, networkConnectionEnabled: false, pageLoadStrategy: normal, platform: WINDOWS, platformName: WINDOWS, proxy: Proxy(), setWindowRect: true, strictFileInteractability: false, timeouts: {implicit: 0, pageLoad: 300000, script: 30000}, unhandledPromptBehavior: dismiss and notify, webauthn:extension:largeBlob: true, webauthn:virtualAuthenticators: true}\nSession ID: 12ba5eab0059e403687753cfbc6682d3\n*** Element info: {Using=xpath, value=//*[text()='Проект сохранен']}\r\n\tat sun.reflect.GeneratedConstructorAccessor23.newInstance(Unknown Source)\r\n\tat sun.reflect.DelegatingConstructorAccessorImpl.newInstance(DelegatingConstructorAccessorImpl.java:45)\r\n\tat java.lang.reflect.Constructor.newInstance(Constructor.java:423)\r\n\tat org.openqa.selenium.remote.http.W3CHttpResponseCodec.createException(W3CHttpResponseCodec.java:187)\r\n\tat org.openqa.selenium.remote.http.W3CHttpResponseCodec.decode(W3CHttpResponseCodec.java:122)\r\n\tat org.openqa.selenium.remote.http.W3CHttpResponseCodec.decode(W3CHttpResponseCodec.java:49)\r\n\tat org.openqa.selenium.remote.HttpCommandExecutor.execute(HttpCommandExecutor.java:158)\r\n\tat org.openqa.selenium.remote.service.DriverCommandExecutor.execute(DriverCommandExecutor.java:83)\r\n\tat org.openqa.selenium.remote.RemoteWebDriver.execute(RemoteWebDriver.java:552)\r\n\tat org.openqa.selenium.remote.RemoteWebDriver.findElement(RemoteWebDriver.java:323)\r\n\tat org.openqa.selenium.remote.RemoteWebDriver.findElementByXPath(RemoteWebDriver.java:428)\r\n\tat org.openqa.selenium.By$ByXPath.findElement(By.java:353)\r\n\tat org.openqa.selenium.remote.RemoteWebDriver.findElement(RemoteWebDriver.java:315)\r\n\tat sun.reflect.GeneratedMethodAccessor2.invoke(Unknown Source)\r\n\tat sun.reflect.DelegatingMethodAccessorImpl.invoke(DelegatingMethodAccessorImpl.java:43)\r\n\tat java.lang.reflect.Method.invoke(Method.java:498)\r\n\tat org.openqa.selenium.support.events.EventFiringWebDriver.lambda$new$1(EventFiringWebDriver.java:105)\r\n\tat com.sun.proxy.$Proxy14.findElement(Unknown Source)\r\n\tat org.openqa.selenium.support.events.EventFiringWebDriver.findElement(EventFiringWebDriver.java:194)\r\n\tat org.openqa.selenium.support.ui.ExpectedConditions$6.apply(ExpectedConditions.java:182)\r\n\tat org.openqa.selenium.support.ui.ExpectedConditions$6.apply(ExpectedConditions.java:179)\r\n\tat org.openqa.selenium.support.ui.FluentWait.until(FluentWait.java:249)\r\n\t... 69 more\r\n",
    "steps" : [ {
      "name" : "Перед кликом на элеиент с текстом: Войти",
      "time" : {
        "start" : 1621190008348,
        "stop" : 1621190008348,
        "duration" : 0
      },
      "status" : "passed",
      "steps" : [ ],
      "attachments" : [ ],
      "parameters" : [ ],
      "stepsCount" : 0,
      "hasContent" : false,
      "shouldDisplayMessage" : false,
      "attachmentsCount" : 0
    }, {
      "name" : "Перед кликом на элеиент с текстом: Мои проекты",
      "time" : {
        "start" : 1621190012268,
        "stop" : 1621190012268,
        "duration" : 0
      },
      "status" : "passed",
      "steps" : [ ],
      "attachments" : [ ],
      "parameters" : [ ],
      "stepsCount" : 0,
      "hasContent" : false,
      "shouldDisplayMessage" : false,
      "attachmentsCount" : 0
    }, {
      "name" : "Клик по кнопке 'Создать проект",
      "time" : {
        "start" : 1621190014290,
        "stop" : 1621190018187,
        "duration" : 3897
      },
      "status" : "passed",
      "steps" : [ {
        "name" : "Перед кликом на элеиент с текстом: Создать проект",
        "time" : {
          "start" : 1621190014320,
          "stop" : 1621190014320,
          "duration" : 0
        },
        "status" : "passed",
        "steps" : [ ],
        "attachments" : [ ],
        "parameters" : [ ],
        "stepsCount" : 0,
        "hasContent" : false,
        "shouldDisplayMessage" : false,
        "attachmentsCount" : 0
      } ],
      "attachments" : [ {
        "uid" : "7774d4b16d53f375",
        "name" : "Скриншот ошибки: ",
        "source" : "7774d4b16d53f375.png",
        "type" : "image/png",
        "size" : 138487
      }, {
        "uid" : "13d06688267a70d1",
        "name" : "Скриншот ошибки: ",
        "source" : "13d06688267a70d1.png",
        "type" : "image/png",
        "size" : 138728
      }, {
        "uid" : "e1cf01513a0ad8b0",
        "name" : "Скриншот ошибки: ",
        "source" : "e1cf01513a0ad8b0.png",
        "type" : "image/png",
        "size" : 138744
      }, {
        "uid" : "a95884b40846ba79",
        "name" : "Скриншот ошибки: ",
        "source" : "a95884b40846ba79.png",
        "type" : "image/png",
        "size" : 138769
      }, {
        "uid" : "7a409cc8759f3c1c",
        "name" : "Скриншот ошибки: ",
        "source" : "7a409cc8759f3c1c.png",
        "type" : "image/png",
        "size" : 138727
      } ],
      "parameters" : [ ],
      "stepsCount" : 1,
      "hasContent" : true,
      "shouldDisplayMessage" : false,
      "attachmentsCount" : 5
    }, {
      "name" : "Ввод в поле 'Наименование:",
      "time" : {
        "start" : 1621190018187,
        "stop" : 1621190018287,
        "duration" : 100
      },
      "status" : "passed",
      "steps" : [ ],
      "attachments" : [ ],
      "parameters" : [ {
        "name" : "DescriptionName",
        "value" : "проект15"
      } ],
      "stepsCount" : 0,
      "hasContent" : true,
      "shouldDisplayMessage" : false,
      "attachmentsCount" : 0
    }, {
      "name" : "Клик в поле 'Укажите организацию'",
      "time" : {
        "start" : 1621190018287,
        "stop" : 1621190018415,
        "duration" : 128
      },
      "status" : "passed",
      "steps" : [ {
        "name" : "Перед кликом на элеиент с текстом: Укажите организацию",
        "time" : {
          "start" : 1621190018333,
          "stop" : 1621190018333,
          "duration" : 0
        },
        "status" : "passed",
        "steps" : [ ],
        "attachments" : [ ],
        "parameters" : [ ],
        "stepsCount" : 0,
        "hasContent" : false,
        "shouldDisplayMessage" : false,
        "attachmentsCount" : 0
      } ],
      "attachments" : [ ],
      "parameters" : [ ],
      "stepsCount" : 1,
      "hasContent" : true,
      "shouldDisplayMessage" : false,
      "attachmentsCount" : 0
    }, {
      "name" : "Ввод в поле 'Организация:",
      "time" : {
        "start" : 1621190018415,
        "stop" : 1621190018522,
        "duration" : 107
      },
      "status" : "passed",
      "steps" : [ ],
      "attachments" : [ ],
      "parameters" : [ {
        "name" : "DescriptionCompany",
        "value" : "Континент"
      } ],
      "stepsCount" : 0,
      "hasContent" : true,
      "shouldDisplayMessage" : false,
      "attachmentsCount" : 0
    }, {
      "name" : "Перед кликом на элеиент с текстом: \"Континент+\"",
      "time" : {
        "start" : 1621190020593,
        "stop" : 1621190020593,
        "duration" : 0
      },
      "status" : "passed",
      "steps" : [ ],
      "attachments" : [ ],
      "parameters" : [ ],
      "stepsCount" : 0,
      "hasContent" : false,
      "shouldDisplayMessage" : false,
      "attachmentsCount" : 0
    }, {
      "name" : "Клик в поле 'Основное контактное лицо:",
      "time" : {
        "start" : 1621190021992,
        "stop" : 1621190022139,
        "duration" : 147
      },
      "status" : "passed",
      "steps" : [ {
        "name" : "Перед кликом на элеиент с текстом: ",
        "time" : {
          "start" : 1621190022031,
          "stop" : 1621190022031,
          "duration" : 0
        },
        "status" : "passed",
        "steps" : [ ],
        "attachments" : [ ],
        "parameters" : [ ],
        "stepsCount" : 0,
        "hasContent" : false,
        "shouldDisplayMessage" : false,
        "attachmentsCount" : 0
      } ],
      "attachments" : [ ],
      "parameters" : [ ],
      "stepsCount" : 1,
      "hasContent" : true,
      "shouldDisplayMessage" : false,
      "attachmentsCount" : 0
    }, {
      "name" : "Ввод в поле 'Основное контактное лицо:",
      "time" : {
        "start" : 1621190022139,
        "stop" : 1621190022241,
        "duration" : 102
      },
      "status" : "passed",
      "steps" : [ ],
      "attachments" : [ ],
      "parameters" : [ {
        "name" : "DescriptionPrimaryContact",
        "value" : "Frolov"
      } ],
      "stepsCount" : 0,
      "hasContent" : true,
      "shouldDisplayMessage" : false,
      "attachmentsCount" : 0
    }, {
      "name" : "Перед кликом на элеиент с текстом: Frolov Alex",
      "time" : {
        "start" : 1621190022294,
        "stop" : 1621190022294,
        "duration" : 0
      },
      "status" : "passed",
      "steps" : [ ],
      "attachments" : [ ],
      "parameters" : [ ],
      "stepsCount" : 0,
      "hasContent" : false,
      "shouldDisplayMessage" : false,
      "attachmentsCount" : 0
    }, {
      "name" : "Выбор Подразделения:",
      "time" : {
        "start" : 1621190022359,
        "stop" : 1621190022488,
        "duration" : 129
      },
      "status" : "passed",
      "steps" : [ ],
      "attachments" : [ ],
      "parameters" : [ {
        "name" : "businessUnitText",
        "value" : "Research & Development"
      } ],
      "stepsCount" : 0,
      "hasContent" : true,
      "shouldDisplayMessage" : false,
      "attachmentsCount" : 0
    }, {
      "name" : "Выбор Куратор проекта:",
      "time" : {
        "start" : 1621190022488,
        "stop" : 1621190022599,
        "duration" : 111
      },
      "status" : "passed",
      "steps" : [ ],
      "attachments" : [ ],
      "parameters" : [ {
        "name" : "curatorText",
        "value" : "Ким Юрий"
      } ],
      "stepsCount" : 0,
      "hasContent" : true,
      "shouldDisplayMessage" : false,
      "attachmentsCount" : 0
    }, {
      "name" : "Выбор Руководитель проекта:",
      "time" : {
        "start" : 1621190022600,
        "stop" : 1621190022705,
        "duration" : 105
      },
      "status" : "passed",
      "steps" : [ ],
      "attachments" : [ ],
      "parameters" : [ {
        "name" : "projectManagerText",
        "value" : "Гатов Фёдор"
      } ],
      "stepsCount" : 0,
      "hasContent" : true,
      "shouldDisplayMessage" : false,
      "attachmentsCount" : 0
    }, {
      "name" : "Выбор Администратор проекта:",
      "time" : {
        "start" : 1621190022705,
        "stop" : 1621190022818,
        "duration" : 113
      },
      "status" : "passed",
      "steps" : [ ],
      "attachments" : [ ],
      "parameters" : [ {
        "name" : "administratorText",
        "value" : "Ямутина Вера"
      } ],
      "stepsCount" : 0,
      "hasContent" : true,
      "shouldDisplayMessage" : false,
      "attachmentsCount" : 0
    }, {
      "name" : "Выбор Менеджера:",
      "time" : {
        "start" : 1621190022819,
        "stop" : 1621190022922,
        "duration" : 103
      },
      "status" : "passed",
      "steps" : [ ],
      "attachments" : [ ],
      "parameters" : [ {
        "name" : "managerText",
        "value" : "Палкина Анна"
      } ],
      "stepsCount" : 0,
      "hasContent" : true,
      "shouldDisplayMessage" : false,
      "attachmentsCount" : 0
    }, {
      "name" : "Перед кликом на элеиент с текстом: Сохранить и закрыть",
      "time" : {
        "start" : 1621190022966,
        "stop" : 1621190022966,
        "duration" : 0
      },
      "status" : "passed",
      "steps" : [ ],
      "attachments" : [ ],
      "parameters" : [ ],
      "stepsCount" : 0,
      "hasContent" : false,
      "shouldDisplayMessage" : false,
      "attachmentsCount" : 0
    } ],
    "attachments" : [ {
      "uid" : "af2930fd60e83249",
      "name" : "Скриншот ошибки: ",
      "source" : "af2930fd60e83249.png",
      "type" : "image/png",
      "size" : 83718
    }, {
      "uid" : "b68798a6eb1f22f8",
      "name" : "Скриншот ошибки: ",
      "source" : "b68798a6eb1f22f8.png",
      "type" : "image/png",
      "size" : 83667
    }, {
      "uid" : "ec0865b0e0886947",
      "name" : "Скриншот ошибки: ",
      "source" : "ec0865b0e0886947.png",
      "type" : "image/png",
      "size" : 83674
    }, {
      "uid" : "a70daca534e688ef",
      "name" : "Скриншот ошибки: ",
      "source" : "a70daca534e688ef.png",
      "type" : "image/png",
      "size" : 96047
    }, {
      "uid" : "bd8da9d012bdde87",
      "name" : "Скриншот ошибки: ",
      "source" : "bd8da9d012bdde87.png",
      "type" : "image/png",
      "size" : 96016
    }, {
      "uid" : "caa2be6e2afa602",
      "name" : "Скриншот ошибки: ",
      "source" : "caa2be6e2afa602.png",
      "type" : "image/png",
      "size" : 96495
    }, {
      "uid" : "c0affd42b0985c08",
      "name" : "Скриншот ошибки: ",
      "source" : "c0affd42b0985c08.png",
      "type" : "image/png",
      "size" : 93907
    }, {
      "uid" : "9e2089b46a4921ad",
      "name" : "Скриншот ошибки: ",
      "source" : "9e2089b46a4921ad.png",
      "type" : "image/png",
      "size" : 93907
    }, {
      "uid" : "4ad2eb9b7392d9b4",
      "name" : "Скриншот ошибки: ",
      "source" : "4ad2eb9b7392d9b4.png",
      "type" : "image/png",
      "size" : 115030
    }, {
      "uid" : "6e3b93c3718bb26e",
      "name" : "Скриншот ошибки: ",
      "source" : "6e3b93c3718bb26e.png",
      "type" : "image/png",
      "size" : 114952
    }, {
      "uid" : "2d49fe4cf40acc07",
      "name" : "Скриншот ошибки: ",
      "source" : "2d49fe4cf40acc07.png",
      "type" : "image/png",
      "size" : 115030
    }, {
      "uid" : "e28fbc27f08b5b",
      "name" : "Скриншот ошибки: ",
      "source" : "e28fbc27f08b5b.png",
      "type" : "image/png",
      "size" : 114999
    }, {
      "uid" : "a6f9043194a870a4",
      "name" : "Скриншот ошибки: ",
      "source" : "a6f9043194a870a4.png",
      "type" : "image/png",
      "size" : 115008
    }, {
      "uid" : "47d3e0950011d189",
      "name" : "Скриншот ошибки: ",
      "source" : "47d3e0950011d189.png",
      "type" : "image/png",
      "size" : 96356
    }, {
      "uid" : "811d7de60911a4c7",
      "name" : "Скриншот ошибки: ",
      "source" : "811d7de60911a4c7.png",
      "type" : "image/png",
      "size" : 96081
    }, {
      "uid" : "84bf8ea977994f26",
      "name" : "Скриншот ошибки: ",
      "source" : "84bf8ea977994f26.png",
      "type" : "image/png",
      "size" : 96104
    }, {
      "uid" : "700b8480adf618",
      "name" : "Скриншот ошибки: ",
      "source" : "700b8480adf618.png",
      "type" : "image/png",
      "size" : 96081
    } ],
    "parameters" : [ ],
    "stepsCount" : 19,
    "hasContent" : true,
    "shouldDisplayMessage" : true,
    "attachmentsCount" : 22
  },
  "afterStages" : [ ],
  "labels" : [ {
    "name" : "feature",
    "value" : "Тестирование создание нового проекта"
  }, {
    "name" : "host",
    "value" : "Rezbaevdv"
  }, {
    "name" : "thread",
    "value" : "6372@Rezbaevdv.main(1)"
  }, {
    "name" : "framework",
    "value" : "junit-platform"
  }, {
    "name" : "language",
    "value" : "java"
  }, {
    "name" : "package",
    "value" : "com.geekbrains.lesson6.LoginWithPageObjectTests"
  }, {
    "name" : "testClass",
    "value" : "com.geekbrains.lesson6.LoginWithPageObjectTests"
  }, {
    "name" : "testMethod",
    "value" : "createNewProject"
  }, {
    "name" : "suite",
    "value" : "com.geekbrains.lesson6.LoginWithPageObjectTests"
  }, {
    "name" : "resultFormat",
    "value" : "allure2"
  } ],
  "parameters" : [ ],
  "links" : [ ],
  "hidden" : false,
  "retry" : false,
  "extra" : {
    "severity" : "normal",
    "retries" : [ {
      "uid" : "c274096ee1742116",
      "status" : "broken",
      "statusDetails" : "Expected condition failed: waiting for presence of element located by: By.xpath: //*[text()='Проект сохранен'] (tried for 5 second(s) with 500 milliseconds interval)",
      "time" : {
        "start" : 1621189577615,
        "stop" : 1621189604635,
        "duration" : 27020
      }
    }, {
      "uid" : "6594b8c756a989da",
      "status" : "broken",
      "statusDetails" : "Expected condition failed: waiting for presence of element located by: By.xpath: //*[text()='Проект сохранен'] (tried for 5 second(s) with 500 milliseconds interval)",
      "time" : {
        "start" : 1621189375394,
        "stop" : 1621189403882,
        "duration" : 28488
      }
    }, {
      "uid" : "372baf308686c1d4",
      "status" : "broken",
      "statusDetails" : "Expected condition failed: waiting for presence of element located by: By.xpath: //*[text()='Проект сохранен'] (tried for 5 second(s) with 500 milliseconds interval)",
      "time" : {
        "start" : 1621188749756,
        "stop" : 1621188776058,
        "duration" : 26302
      }
    }, {
      "uid" : "4cc5dfe21006c2bd",
      "status" : "passed",
      "time" : {
        "start" : 1621187993148,
        "stop" : 1621188020415,
        "duration" : 27267
      }
    }, {
      "uid" : "bc2d7a2142932e0c",
      "status" : "broken",
      "statusDetails" : "Expected condition failed: waiting for presence of element located by: By.xpath: //a[text()='Создать проект'] (tried for 25 second(s) with 500 milliseconds interval)",
      "time" : {
        "start" : 1621187758603,
        "stop" : 1621187797276,
        "duration" : 38673
      }
    }, {
      "uid" : "6875b5694425411d",
      "status" : "passed",
      "time" : {
        "start" : 1621187026119,
        "stop" : 1621187051002,
        "duration" : 24883
      }
    }, {
      "uid" : "168e13f55f84d9af",
      "status" : "broken",
      "statusDetails" : "unknown error: cannot determine loading status\nfrom disconnected: received Inspector.detached event\n  (Session info: chrome=90.0.4430.212)\nBuild info: version: '3.141.59', revision: 'e82be7d358', time: '2018-11-14T08:17:03'\nSystem info: host: 'REZBAEVDV', ip: '192.168.165.1', os.name: 'Windows 10', os.arch: 'x86', os.version: '10.0', java.version: '1.8.0_181'\nDriver info: org.openqa.selenium.chrome.ChromeDriver\nCapabilities {acceptInsecureCerts: false, browserName: chrome, browserVersion: 90.0.4430.212, chrome: {chromedriverVersion: 90.0.4430.24 (4c6d850f087da..., userDataDir: C:\\Users\\rezba\\AppData\\Loca...}, goog:chromeOptions: {debuggerAddress: localhost:53563}, javascriptEnabled: true, networkConnectionEnabled: false, pageLoadStrategy: normal, platform: WINDOWS, platformName: WINDOWS, proxy: Proxy(), setWindowRect: true, strictFileInteractability: false, timeouts: {implicit: 0, pageLoad: 300000, script: 30000}, unhandledPromptBehavior: dismiss and notify, webauthn:extension:largeBlob: true, webauthn:virtualAuthenticators: true}\nSession ID: 5755df7a65c7d36d9a1ccb8629821ec1",
      "time" : {
        "start" : 1621186991574,
        "stop" : 1621186994608,
        "duration" : 3034
      }
    }, {
      "uid" : "d8a4acc8343506b7",
      "status" : "passed",
      "time" : {
        "start" : 1621186758779,
        "stop" : 1621186784978,
        "duration" : 26199
      }
    } ],
    "categories" : [ {
      "name" : "Test defects",
      "matchedStatuses" : [ ],
      "flaky" : false
    } ],
    "tags" : [ ]
  },
  "source" : "904c1b133aa6a547.json",
  "parameterValues" : [ ]
}